====================================
Executing: python detailcap_discosg_mr.py --dataset longfactual --max_input_length 512 --max_output_length 512 --num_beams 5 --model_path XXX --capture --save_folder eval_res/eval_res_run_all_longfactual --bs_scale 2
Start time: Sun May 18 03:15:48 UTC 2025
====================================
Random seed set as 42

Processing dataset:   0%|          | 0/100 [00:00<?, ?it/s]
Processing dataset: 100%|██████████| 100/100 [00:00<00:00, 21801.05it/s]
2025-05-18 03:15:54,466 - INFO - Use pytorch device_name: cuda:0
2025-05-18 03:15:54,466 - INFO - Load pretrained SentenceTransformer: all-MiniLM-L6-v2

  0%|          | 0/4 [00:00<?, ?it/s]
 25%|██▌       | 1/4 [00:03<00:10,  3.61s/it]
 50%|█████     | 2/4 [00:07<00:07,  3.67s/it]
 75%|███████▌  | 3/4 [00:10<00:03,  3.54s/it]
100%|██████████| 4/4 [00:11<00:00,  2.52s/it]
100%|██████████| 4/4 [00:11<00:00,  2.92s/it]

  0%|          | 0/1 [00:00<?, ?it/s]
100%|██████████| 1/1 [00:05<00:00,  5.08s/it]
100%|██████████| 1/1 [00:05<00:00,  5.08s/it]
Round 1 of 3...

  0%|                                                            | 0/13 [00:00<?, ?it/s]
  8%|████                                                | 1/13 [00:00<00:05,  2.08it/s]
 15%|████████                                            | 2/13 [00:00<00:05,  2.12it/s]
 23%|████████████                                        | 3/13 [00:01<00:04,  2.15it/s]
 31%|████████████████                                    | 4/13 [00:01<00:04,  2.06it/s]
 38%|████████████████████                                | 5/13 [00:02<00:03,  2.02it/s]
 46%|████████████████████████                            | 6/13 [00:02<00:03,  2.22it/s]
 54%|████████████████████████████                        | 7/13 [00:03<00:02,  2.25it/s]
 62%|████████████████████████████████                    | 8/13 [00:03<00:02,  2.28it/s]
 69%|████████████████████████████████████                | 9/13 [00:04<00:01,  2.16it/s]
 77%|███████████████████████████████████████▏           | 10/13 [00:04<00:01,  2.15it/s]
 85%|███████████████████████████████████████████▏       | 11/13 [00:05<00:00,  2.06it/s]
 92%|███████████████████████████████████████████████    | 12/13 [00:05<00:00,  2.18it/s]
100%|███████████████████████████████████████████████████| 13/13 [00:05<00:00,  2.27it/s]
100%|███████████████████████████████████████████████████| 13/13 [00:05<00:00,  2.18it/s]

  0%|                                                            | 0/13 [00:00<?, ?it/s]
  8%|████                                                | 1/13 [00:07<01:24,  7.05s/it]
 15%|████████                                            | 2/13 [00:16<01:32,  8.43s/it]
 23%|████████████                                        | 3/13 [00:25<01:29,  8.92s/it]
 31%|████████████████                                    | 4/13 [00:30<01:05,  7.30s/it]
 38%|████████████████████                                | 5/13 [00:35<00:51,  6.48s/it]
 46%|████████████████████████                            | 6/13 [00:40<00:42,  6.01s/it]
 54%|████████████████████████████                        | 7/13 [00:45<00:32,  5.45s/it]
 62%|████████████████████████████████                    | 8/13 [00:51<00:29,  5.88s/it]
 69%|████████████████████████████████████                | 9/13 [00:55<00:20,  5.06s/it]
 77%|███████████████████████████████████████▏           | 10/13 [00:59<00:14,  4.96s/it]
 85%|███████████████████████████████████████████▏       | 11/13 [01:09<00:12,  6.26s/it]
 92%|███████████████████████████████████████████████    | 12/13 [01:14<00:05,  5.91s/it]
100%|███████████████████████████████████████████████████| 13/13 [01:21<00:00,  6.39s/it]
100%|███████████████████████████████████████████████████| 13/13 [01:21<00:00,  6.29s/it]
2025-05-18 03:17:40,860 - INFO - Starting evaluation...
2025-05-18 03:17:40,861 - INFO - Determine whether parsing is needed...
2025-05-18 03:17:40,861 - INFO - Parsing is needed: False
2025-05-18 03:17:42,942 - INFO - Determine whether parsing is needed...
2025-05-18 03:17:42,942 - INFO - Parsing is needed: False
2025-05-18 03:17:42,955 - INFO - Evaluating using method: spice
Evaluating parsing results...

  0%|          | 0/100 [00:00<?, ?it/s]
 64%|██████▍   | 64/100 [00:00<00:00, 637.20it/s]
100%|██████████| 100/100 [00:00<00:00, 670.51it/s]
2025-05-18 03:17:43,105 - INFO - Evaluation completed.
2025-05-18 03:17:43,105 - INFO - Starting evaluation...
2025-05-18 03:17:43,105 - INFO - Determine whether parsing is needed...
2025-05-18 03:17:43,105 - INFO - Parsing is needed: False
2025-05-18 03:17:43,111 - INFO - Determine whether parsing is needed...
2025-05-18 03:17:43,111 - INFO - Parsing is needed: False
2025-05-18 03:17:43,124 - INFO - Evaluating using method: soft_spice
using bidirectional:  True

Batches:   0%|          | 0/130 [00:00<?, ?it/s]
Batches:   5%|▍         | 6/130 [00:00<00:02, 53.77it/s]
Batches:  17%|█▋        | 22/130 [00:00<00:00, 111.24it/s]
Batches:  26%|██▌       | 34/130 [00:00<00:01, 92.61it/s] 
Batches:  34%|███▍      | 44/130 [00:00<00:00, 91.12it/s]
Batches:  46%|████▌     | 60/130 [00:00<00:00, 110.08it/s]
Batches:  55%|█████▌    | 72/130 [00:00<00:00, 95.81it/s] 
Batches:  67%|██████▋   | 87/130 [00:00<00:00, 110.05it/s]
Batches:  76%|███████▌  | 99/130 [00:00<00:00, 100.25it/s]
Batches:  85%|████████▍ | 110/130 [00:01<00:00, 91.03it/s]
Batches:  98%|█████████▊| 128/130 [00:01<00:00, 112.72it/s]
Batches: 100%|██████████| 130/130 [00:01<00:00, 101.96it/s]
2025-05-18 03:17:44,439 - INFO - Evaluation completed.
2025-05-18 03:17:44,439 - INFO - Starting evaluation...
2025-05-18 03:17:44,440 - INFO - Determine whether parsing is needed...
2025-05-18 03:17:44,440 - INFO - Parsing is needed: False
2025-05-18 03:17:44,464 - INFO - Determine whether parsing is needed...
2025-05-18 03:17:44,464 - INFO - Parsing is needed: False
2025-05-18 03:17:44,477 - INFO - Evaluating using method: spice

  0%|          | 0/100 [00:00<?, ?it/s]
 23%|██▎       | 23/100 [00:00<00:00, 218.08it/s]
 45%|████▌     | 45/100 [00:00<00:00, 211.01it/s]
 67%|██████▋   | 67/100 [00:00<00:00, 207.57it/s]
 88%|████████▊ | 88/100 [00:00<00:00, 201.71it/s]
100%|██████████| 100/100 [00:00<00:00, 213.84it/s]
2025-05-18 03:17:44,945 - INFO - Evaluation completed.
2025-05-18 03:17:44,946 - INFO - Starting evaluation...
2025-05-18 03:17:44,946 - INFO - Determine whether parsing is needed...
2025-05-18 03:17:44,946 - INFO - Parsing is needed: False
2025-05-18 03:17:44,972 - INFO - Determine whether parsing is needed...
2025-05-18 03:17:44,972 - INFO - Parsing is needed: False
2025-05-18 03:17:44,985 - INFO - Evaluating using method: soft_spice
using bidirectional:  True

Batches:   0%|          | 0/249 [00:00<?, ?it/s]
Batches:   3%|▎         | 7/249 [00:00<00:03, 63.32it/s]
Batches:  10%|█         | 26/249 [00:00<00:01, 126.23it/s]
Batches:  16%|█▌        | 39/249 [00:00<00:02, 96.65it/s] 
Batches:  20%|██        | 50/249 [00:00<00:02, 90.97it/s]
Batches:  26%|██▌       | 64/249 [00:00<00:01, 104.66it/s]
Batches:  30%|███       | 75/249 [00:00<00:01, 93.14it/s] 
Batches:  37%|███▋      | 93/249 [00:00<00:01, 116.32it/s]
Batches:  43%|████▎     | 106/249 [00:01<00:01, 99.94it/s]
Batches:  47%|████▋     | 117/249 [00:01<00:01, 96.55it/s]
Batches:  53%|█████▎    | 133/249 [00:01<00:01, 110.71it/s]
Batches:  58%|█████▊    | 145/249 [00:01<00:01, 98.07it/s] 
Batches:  63%|██████▎   | 156/249 [00:01<00:00, 96.92it/s]
Batches:  69%|██████▊   | 171/249 [00:01<00:00, 108.02it/s]
Batches:  73%|███████▎  | 183/249 [00:01<00:00, 95.97it/s] 
Batches:  80%|████████  | 200/249 [00:01<00:00, 112.57it/s]
Batches:  85%|████████▌ | 212/249 [00:02<00:00, 105.06it/s]
Batches:  90%|████████▉ | 224/249 [00:02<00:00, 94.58it/s] 
Batches:  97%|█████████▋| 242/249 [00:02<00:00, 113.98it/s]
Batches: 100%|██████████| 249/249 [00:02<00:00, 104.08it/s]
2025-05-18 03:17:47,564 - INFO - Evaluation completed.
2025-05-18 03:17:47,564 - INFO - Starting evaluation...
2025-05-18 03:17:47,565 - INFO - Determine whether parsing is needed...
2025-05-18 03:17:47,565 - INFO - Parsing is needed: False
2025-05-18 03:17:47,579 - INFO - Determine whether parsing is needed...
2025-05-18 03:17:47,579 - INFO - Parsing is needed: False
2025-05-18 03:17:47,592 - INFO - Evaluating using method: spice

  0%|          | 0/100 [00:00<?, ?it/s]
 36%|███▌      | 36/100 [00:00<00:00, 352.78it/s]
 72%|███████▏  | 72/100 [00:00<00:00, 349.60it/s]
100%|██████████| 100/100 [00:00<00:00, 361.73it/s]
2025-05-18 03:17:47,869 - INFO - Evaluation completed.
2025-05-18 03:17:47,869 - INFO - Starting evaluation...
2025-05-18 03:17:47,869 - INFO - Determine whether parsing is needed...
2025-05-18 03:17:47,869 - INFO - Parsing is needed: False
2025-05-18 03:17:47,883 - INFO - Determine whether parsing is needed...
2025-05-18 03:17:47,883 - INFO - Parsing is needed: False
2025-05-18 03:17:47,896 - INFO - Evaluating using method: soft_spice
using bidirectional:  True

Batches:   0%|          | 0/186 [00:00<?, ?it/s]
Batches:  10%|▉         | 18/186 [00:00<00:01, 163.66it/s]
Batches:  19%|█▉        | 35/186 [00:00<00:01, 97.57it/s] 
Batches:  26%|██▌       | 48/186 [00:00<00:01, 106.56it/s]
Batches:  32%|███▏      | 60/186 [00:00<00:01, 104.35it/s]
Batches:  39%|███▊      | 72/186 [00:00<00:01, 92.19it/s] 
Batches:  46%|████▌     | 85/186 [00:00<00:00, 101.81it/s]
Batches:  52%|█████▏    | 96/186 [00:00<00:00, 95.99it/s] 
Batches:  60%|█████▉    | 111/186 [00:01<00:00, 110.03it/s]
Batches:  66%|██████▌   | 123/186 [00:01<00:00, 100.01it/s]
Batches:  72%|███████▏  | 134/186 [00:01<00:00, 91.79it/s] 
Batches:  81%|████████  | 151/186 [00:01<00:00, 110.74it/s]
Batches:  88%|████████▊ | 163/186 [00:01<00:00, 99.75it/s] 
Batches:  94%|█████████▎| 174/186 [00:01<00:00, 94.41it/s]
Batches: 100%|██████████| 186/186 [00:01<00:00, 103.98it/s]
2025-05-18 03:17:49,719 - INFO - Evaluation completed.
2025-05-18 03:17:49,719 - INFO - Starting evaluation...
2025-05-18 03:17:49,720 - INFO - Determine whether parsing is needed...
2025-05-18 03:17:49,720 - INFO - Parsing is needed: False
2025-05-18 03:17:49,737 - INFO - Determine whether parsing is needed...
2025-05-18 03:17:49,738 - INFO - Parsing is needed: False
2025-05-18 03:17:49,751 - INFO - Evaluating using method: spice

  0%|          | 0/100 [00:00<?, ?it/s]
 46%|████▌     | 46/100 [00:00<00:00, 456.79it/s]
 95%|█████████▌| 95/100 [00:00<00:00, 475.14it/s]
100%|██████████| 100/100 [00:00<00:00, 477.18it/s]
2025-05-18 03:17:49,960 - INFO - Evaluation completed.
2025-05-18 03:17:49,961 - INFO - Starting evaluation...
2025-05-18 03:17:49,961 - INFO - Determine whether parsing is needed...
2025-05-18 03:17:49,961 - INFO - Parsing is needed: False
2025-05-18 03:17:49,979 - INFO - Determine whether parsing is needed...
2025-05-18 03:17:49,979 - INFO - Parsing is needed: False
2025-05-18 03:17:49,992 - INFO - Evaluating using method: soft_spice
using bidirectional:  True

Batches:   0%|          | 0/210 [00:00<?, ?it/s]
Batches:   4%|▍         | 8/210 [00:00<00:02, 72.36it/s]
Batches:   8%|▊         | 16/210 [00:00<00:02, 74.02it/s]
Batches:  17%|█▋        | 36/210 [00:00<00:01, 125.67it/s]
Batches:  23%|██▎       | 49/210 [00:00<00:01, 99.74it/s] 
Batches:  29%|██▊       | 60/210 [00:00<00:01, 93.06it/s]
Batches:  37%|███▋      | 78/210 [00:00<00:01, 113.96it/s]
Batches:  43%|████▎     | 90/210 [00:00<00:01, 98.20it/s] 
Batches:  49%|████▊     | 102/210 [00:01<00:01, 102.49it/s]
Batches:  54%|█████▍    | 114/210 [00:01<00:00, 106.55it/s]
Batches:  60%|██████    | 126/210 [00:01<00:00, 94.49it/s] 
Batches:  69%|██████▊   | 144/210 [00:01<00:00, 115.17it/s]
Batches:  75%|███████▍  | 157/210 [00:01<00:00, 101.61it/s]
Batches:  80%|████████  | 168/210 [00:01<00:00, 94.33it/s] 
Batches:  89%|████████▉ | 187/210 [00:01<00:00, 116.44it/s]
Batches:  95%|█████████▌| 200/210 [00:01<00:00, 101.54it/s]
Batches: 100%|██████████| 210/210 [00:02<00:00, 100.99it/s]
2025-05-18 03:17:52,106 - INFO - Evaluation completed.
2025-05-18 03:17:52,107 - INFO - Starting evaluation...
2025-05-18 03:17:52,107 - INFO - Determine whether parsing is needed...
2025-05-18 03:17:52,107 - INFO - Parsing is needed: False
2025-05-18 03:17:52,125 - INFO - Determine whether parsing is needed...
2025-05-18 03:17:52,125 - INFO - Parsing is needed: False
2025-05-18 03:17:52,138 - INFO - Evaluating using method: spice

  0%|          | 0/100 [00:00<?, ?it/s]
 45%|████▌     | 45/100 [00:00<00:00, 448.71it/s]
 94%|█████████▍| 94/100 [00:00<00:00, 469.70it/s]
100%|██████████| 100/100 [00:00<00:00, 472.18it/s]
2025-05-18 03:17:52,350 - INFO - Evaluation completed.
2025-05-18 03:17:52,350 - INFO - Starting evaluation...
2025-05-18 03:17:52,350 - INFO - Determine whether parsing is needed...
2025-05-18 03:17:52,350 - INFO - Parsing is needed: False
2025-05-18 03:17:52,369 - INFO - Determine whether parsing is needed...
2025-05-18 03:17:52,369 - INFO - Parsing is needed: False
2025-05-18 03:17:52,382 - INFO - Evaluating using method: soft_spice
using bidirectional:  True

Batches:   0%|          | 0/210 [00:00<?, ?it/s]
Batches:   6%|▌         | 13/210 [00:00<00:01, 122.71it/s]
Batches:  12%|█▏        | 26/210 [00:00<00:02, 89.40it/s] 
Batches:  20%|██        | 42/210 [00:00<00:01, 113.67it/s]
Batches:  26%|██▌       | 55/210 [00:00<00:01, 99.58it/s] 
Batches:  31%|███▏      | 66/210 [00:00<00:01, 98.21it/s]
Batches:  38%|███▊      | 80/210 [00:00<00:01, 106.25it/s]
Batches:  43%|████▎     | 91/210 [00:00<00:01, 95.00it/s] 
Batches:  51%|█████▏    | 108/210 [00:01<00:00, 111.81it/s]
Batches:  57%|█████▋    | 120/210 [00:01<00:00, 98.43it/s] 
Batches:  63%|██████▎   | 133/210 [00:01<00:00, 105.79it/s]
Batches:  69%|██████▉   | 145/210 [00:01<00:00, 104.28it/s]
Batches:  74%|███████▍  | 156/210 [00:01<00:00, 94.02it/s] 
Batches:  82%|████████▏ | 173/210 [00:01<00:00, 112.81it/s]
Batches:  88%|████████▊ | 185/210 [00:01<00:00, 100.97it/s]
Batches:  93%|█████████▎| 196/210 [00:01<00:00, 92.89it/s] 
Batches: 100%|██████████| 210/210 [00:02<00:00, 103.42it/s]
2025-05-18 03:17:54,453 - INFO - Evaluation completed.
XXX/eval_utils.py:18: ConstantInputWarning: An input array is constant; the correlation coefficient is not defined.
  pearson_correlation = scipy.stats.pearsonr(scores, human_scores)[0]
2025-05-18 03:17:54,461 - INFO - Use pytorch device_name: cuda:0
2025-05-18 03:17:54,461 - INFO - Load pretrained SentenceTransformer: sentence-transformers/all-mpnet-base-v2
---- Original SPICE score ----
SPICE score original score: 37.555
SPICE score original Tau-c: nan
SPICE score original Tau-b: nan
SPICE score original Pearson correlation: nan
---- Original Soft SPICE score ----
Soft SPICE score original score: 88.037
Soft SPICE score original Tau-c: nan
Soft SPICE score original Tau-b: nan
Soft SPICE score original Pearson correlation: nan
---- Sub-sentences SPICE score ----
SPICE score sub-sentences score: 49.444
SPICE score sub-sentences Tau-c: nan
SPICE score sub-sentences Tau-b: nan
SPICE score sub-sentences Pearson correlation: nan
---- Sub-sentences Soft SPICE score ----
Soft SPICE score sub-sentences score: 90.873
Soft SPICE score sub-sentences Tau-c: nan
Soft SPICE score sub-sentences Tau-b: nan
Soft SPICE score sub-sentences Pearson correlation: nan
---- Delete SPICE score ----
SPICE score for delete task score: 52.815
SPICE score for delete task Tau-c: nan
SPICE score for delete task Tau-b: nan
SPICE score for delete task Pearson correlation: nan
---- Delete Soft SPICE score ----
Soft SPICE score for delete task score: 91.265
Soft SPICE score for delete task Tau-c: nan
Soft SPICE score for delete task Tau-b: nan
Soft SPICE score for delete task Pearson correlation: nan
---- Insert SPICE score ----
SPICE score for insert task score: 63.421
SPICE score for insert task Tau-c: nan
SPICE score for insert task Tau-b: nan
SPICE score for insert task Pearson correlation: nan
---- Insert Soft SPICE score ----
Soft SPICE score for insert task score: 94.169
Soft SPICE score for insert task Tau-c: nan
Soft SPICE score for insert task Tau-b: nan
Soft SPICE score for insert task Pearson correlation: nan
---- Combined SPICE score ----
SPICE score for combined task score: 63.421
SPICE score for combined task Tau-c: nan
SPICE score for combined task Tau-b: nan
SPICE score for combined task Pearson correlation: nan
---- Combined Soft SPICE score ----
Soft SPICE score for combined task score: 94.169
Soft SPICE score for combined task Tau-c: nan
Soft SPICE score for combined task Tau-b: nan
Soft SPICE score for combined task Pearson correlation: nan
------------------------------------------------------------------
Evaluating CAPTURE results...

computing score:   0%|          | 0/100 [00:00<?, ?it/s]
computing score:   1%|          | 1/100 [00:00<00:15,  6.59it/s]
computing score:   3%|▎         | 3/100 [00:00<00:08, 11.91it/s]
computing score:   6%|▌         | 6/100 [00:00<00:07, 12.48it/s]
computing score:   8%|▊         | 8/100 [00:00<00:07, 12.14it/s]
computing score:  10%|█         | 10/100 [00:00<00:06, 13.01it/s]
computing score:  12%|█▏        | 12/100 [00:00<00:06, 14.44it/s]
computing score:  14%|█▍        | 14/100 [00:01<00:06, 12.96it/s]
computing score:  16%|█▌        | 16/100 [00:01<00:06, 14.00it/s]
computing score:  18%|█▊        | 18/100 [00:01<00:06, 12.08it/s]
computing score:  20%|██        | 20/100 [00:01<00:06, 13.18it/s]
computing score:  22%|██▏       | 22/100 [00:01<00:05, 14.25it/s]
computing score:  24%|██▍       | 24/100 [00:01<00:06, 11.88it/s]
computing score:  26%|██▌       | 26/100 [00:02<00:06, 11.43it/s]
computing score:  28%|██▊       | 28/100 [00:02<00:06, 10.76it/s]
computing score:  31%|███       | 31/100 [00:02<00:05, 12.59it/s]
computing score:  33%|███▎      | 33/100 [00:02<00:05, 11.62it/s]
computing score:  35%|███▌      | 35/100 [00:02<00:05, 11.68it/s]
computing score:  37%|███▋      | 37/100 [00:03<00:05, 12.05it/s]
computing score:  39%|███▉      | 39/100 [00:03<00:04, 12.38it/s]
computing score:  41%|████      | 41/100 [00:03<00:05, 11.56it/s]
computing score:  43%|████▎     | 43/100 [00:03<00:05, 11.37it/s]
computing score:  46%|████▌     | 46/100 [00:03<00:04, 12.91it/s]
computing score:  48%|████▊     | 48/100 [00:03<00:04, 11.85it/s]
computing score:  50%|█████     | 50/100 [00:04<00:03, 12.71it/s]
computing score:  52%|█████▏    | 52/100 [00:04<00:03, 13.27it/s]
computing score:  54%|█████▍    | 54/100 [00:04<00:03, 13.29it/s]
computing score:  56%|█████▌    | 56/100 [00:04<00:03, 12.55it/s]
computing score:  58%|█████▊    | 58/100 [00:04<00:03, 11.42it/s]
computing score:  60%|██████    | 60/100 [00:04<00:03, 12.33it/s]
computing score:  62%|██████▏   | 62/100 [00:05<00:03, 11.65it/s]
computing score:  64%|██████▍   | 64/100 [00:05<00:03, 11.81it/s]
computing score:  66%|██████▌   | 66/100 [00:05<00:03, 11.26it/s]
computing score:  68%|██████▊   | 68/100 [00:05<00:02, 11.33it/s]
computing score:  70%|███████   | 70/100 [00:05<00:02, 10.57it/s]
computing score:  72%|███████▏  | 72/100 [00:05<00:02, 11.97it/s]
computing score:  74%|███████▍  | 74/100 [00:06<00:02, 11.25it/s]
computing score:  76%|███████▌  | 76/100 [00:06<00:01, 12.44it/s]
computing score:  78%|███████▊  | 78/100 [00:06<00:01, 12.51it/s]
computing score:  80%|████████  | 80/100 [00:06<00:01, 13.83it/s]
computing score:  83%|████████▎ | 83/100 [00:06<00:01, 16.06it/s]
computing score:  85%|████████▌ | 85/100 [00:06<00:01, 14.74it/s]
computing score:  87%|████████▋ | 87/100 [00:06<00:00, 14.82it/s]
computing score:  89%|████████▉ | 89/100 [00:07<00:00, 13.21it/s]
computing score:  93%|█████████▎| 93/100 [00:07<00:00, 15.15it/s]
computing score:  95%|█████████▌| 95/100 [00:07<00:00, 14.16it/s]
computing score:  97%|█████████▋| 97/100 [00:07<00:00, 14.95it/s]
computing score:  99%|█████████▉| 99/100 [00:07<00:00, 15.03it/s]
computing score: 100%|██████████| 100/100 [00:07<00:00, 12.74it/s]
---- Sub-sentences CAPTURE score ----
CAPTURE score sub-sentences score: 0.756
CAPTURE score sub-sentences Tau-c: nan
CAPTURE score sub-sentences Tau-b: nan
CAPTURE score sub-sentences Pearson correlation: nan

computing score:   0%|          | 0/100 [00:00<?, ?it/s]
computing score:   3%|▎         | 3/100 [00:00<00:04, 21.97it/s]
computing score:   6%|▌         | 6/100 [00:00<00:04, 22.39it/s]
computing score:   9%|▉         | 9/100 [00:00<00:03, 24.76it/s]
computing score:  12%|█▏        | 12/100 [00:00<00:04, 21.77it/s]
computing score:  15%|█▌        | 15/100 [00:00<00:03, 22.52it/s]
computing score:  18%|█▊        | 18/100 [00:00<00:03, 23.17it/s]
computing score:  21%|██        | 21/100 [00:00<00:03, 20.27it/s]
computing score:  24%|██▍       | 24/100 [00:01<00:03, 21.17it/s]
computing score:  27%|██▋       | 27/100 [00:01<00:03, 19.25it/s]
computing score:  30%|███       | 30/100 [00:01<00:03, 20.38it/s]
computing score:  34%|███▍      | 34/100 [00:01<00:02, 22.50it/s]
computing score:  37%|███▋      | 37/100 [00:01<00:02, 21.38it/s]
computing score:  40%|████      | 40/100 [00:01<00:02, 20.73it/s]
computing score:  43%|████▎     | 43/100 [00:02<00:03, 18.32it/s]
computing score:  46%|████▌     | 46/100 [00:02<00:02, 20.09it/s]
computing score:  49%|████▉     | 49/100 [00:02<00:02, 18.99it/s]
computing score:  53%|█████▎    | 53/100 [00:02<00:02, 23.07it/s]
computing score:  56%|█████▌    | 56/100 [00:02<00:02, 20.65it/s]
computing score:  59%|█████▉    | 59/100 [00:02<00:01, 20.65it/s]
computing score:  62%|██████▏   | 62/100 [00:02<00:01, 19.58it/s]
computing score:  65%|██████▌   | 65/100 [00:03<00:01, 18.84it/s]
computing score:  69%|██████▉   | 69/100 [00:03<00:01, 22.13it/s]
computing score:  72%|███████▏  | 72/100 [00:03<00:01, 17.66it/s]
computing score:  76%|███████▌  | 76/100 [00:03<00:01, 20.47it/s]
computing score:  79%|███████▉  | 79/100 [00:03<00:01, 19.20it/s]
computing score:  83%|████████▎ | 83/100 [00:03<00:00, 22.50it/s]
computing score:  86%|████████▌ | 86/100 [00:04<00:00, 23.14it/s]
computing score:  89%|████████▉ | 89/100 [00:04<00:00, 22.68it/s]
computing score:  92%|█████████▏| 92/100 [00:04<00:00, 22.07it/s]
computing score:  96%|█████████▌| 96/100 [00:04<00:00, 23.31it/s]
computing score:  99%|█████████▉| 99/100 [00:04<00:00, 22.79it/s]
computing score: 100%|██████████| 100/100 [00:04<00:00, 21.16it/s]

computing score:   0%|          | 0/100 [00:00<?, ?it/s]
computing score:   4%|▍         | 4/100 [00:00<00:03, 25.85it/s]
computing score:   7%|▋         | 7/100 [00:00<00:05, 16.78it/s]
computing score:   9%|▉         | 9/100 [00:00<00:05, 17.10it/s]
computing score:  11%|█         | 11/100 [00:00<00:05, 16.56it/s]
computing score:  13%|█▎        | 13/100 [00:00<00:05, 17.11it/s]
computing score:  15%|█▌        | 15/100 [00:00<00:05, 15.18it/s]
computing score:  18%|█▊        | 18/100 [00:01<00:04, 18.36it/s]
computing score:  20%|██        | 20/100 [00:01<00:05, 14.22it/s]
computing score:  23%|██▎       | 23/100 [00:01<00:04, 15.51it/s]
computing score:  25%|██▌       | 25/100 [00:01<00:05, 13.64it/s]
computing score:  28%|██▊       | 28/100 [00:01<00:04, 16.81it/s]
computing score:  30%|███       | 30/100 [00:01<00:04, 16.13it/s]
computing score:  32%|███▏      | 32/100 [00:02<00:04, 14.70it/s]
computing score:  35%|███▌      | 35/100 [00:02<00:03, 16.27it/s]
computing score:  37%|███▋      | 37/100 [00:02<00:04, 15.03it/s]
computing score:  39%|███▉      | 39/100 [00:02<00:04, 13.49it/s]
computing score:  41%|████      | 41/100 [00:02<00:04, 13.94it/s]
computing score:  43%|████▎     | 43/100 [00:02<00:04, 13.28it/s]
computing score:  45%|████▌     | 45/100 [00:02<00:03, 14.12it/s]
computing score:  48%|████▊     | 48/100 [00:03<00:03, 15.28it/s]
computing score:  50%|█████     | 50/100 [00:03<00:03, 14.27it/s]
computing score:  54%|█████▍    | 54/100 [00:03<00:02, 17.53it/s]
computing score:  56%|█████▌    | 56/100 [00:03<00:03, 14.58it/s]
computing score:  58%|█████▊    | 58/100 [00:03<00:02, 15.01it/s]
computing score:  60%|██████    | 60/100 [00:03<00:02, 13.36it/s]
computing score:  62%|██████▏   | 62/100 [00:04<00:02, 14.30it/s]
computing score:  65%|██████▌   | 65/100 [00:04<00:02, 16.06it/s]
computing score:  67%|██████▋   | 67/100 [00:04<00:02, 14.74it/s]
computing score:  69%|██████▉   | 69/100 [00:04<00:02, 13.74it/s]
computing score:  71%|███████   | 71/100 [00:04<00:02, 13.71it/s]
computing score:  73%|███████▎  | 73/100 [00:04<00:01, 13.56it/s]
computing score:  76%|███████▌  | 76/100 [00:04<00:01, 16.17it/s]
computing score:  78%|███████▊  | 78/100 [00:05<00:01, 16.53it/s]
computing score:  80%|████████  | 80/100 [00:05<00:01, 14.54it/s]
computing score:  83%|████████▎ | 83/100 [00:05<00:01, 16.12it/s]
computing score:  85%|████████▌ | 85/100 [00:05<00:00, 15.43it/s]
computing score:  87%|████████▋ | 87/100 [00:05<00:00, 14.83it/s]
computing score:  90%|█████████ | 90/100 [00:05<00:00, 16.75it/s]
computing score:  92%|█████████▏| 92/100 [00:05<00:00, 17.29it/s]
computing score:  94%|█████████▍| 94/100 [00:06<00:00, 17.25it/s]
computing score:  96%|█████████▌| 96/100 [00:06<00:00, 17.49it/s]
computing score:  98%|█████████▊| 98/100 [00:06<00:00, 15.94it/s]
computing score: 100%|██████████| 100/100 [00:06<00:00, 15.53it/s]

computing score:   0%|          | 0/100 [00:00<?, ?it/s]
computing score:   4%|▍         | 4/100 [00:00<00:03, 29.87it/s]
computing score:   7%|▋         | 7/100 [00:00<00:04, 21.01it/s]
computing score:  10%|█         | 10/100 [00:00<00:03, 22.60it/s]
computing score:  14%|█▍        | 14/100 [00:00<00:03, 22.56it/s]
computing score:  17%|█▋        | 17/100 [00:00<00:03, 23.19it/s]
computing score:  20%|██        | 20/100 [00:00<00:03, 23.99it/s]
computing score:  23%|██▎       | 23/100 [00:01<00:04, 18.69it/s]
computing score:  26%|██▌       | 26/100 [00:01<00:03, 20.28it/s]
computing score:  29%|██▉       | 29/100 [00:01<00:03, 20.75it/s]
computing score:  32%|███▏      | 32/100 [00:01<00:03, 20.47it/s]
computing score:  35%|███▌      | 35/100 [00:01<00:03, 19.82it/s]
computing score:  38%|███▊      | 38/100 [00:01<00:02, 21.46it/s]
computing score:  41%|████      | 41/100 [00:01<00:02, 20.21it/s]
computing score:  44%|████▍     | 44/100 [00:02<00:03, 17.73it/s]
computing score:  48%|████▊     | 48/100 [00:02<00:02, 21.19it/s]
computing score:  51%|█████     | 51/100 [00:02<00:02, 19.15it/s]
computing score:  55%|█████▌    | 55/100 [00:02<00:02, 21.43it/s]
computing score:  58%|█████▊    | 58/100 [00:02<00:01, 22.58it/s]
computing score:  61%|██████    | 61/100 [00:02<00:01, 19.84it/s]
computing score:  64%|██████▍   | 64/100 [00:03<00:01, 19.12it/s]
computing score:  68%|██████▊   | 68/100 [00:03<00:01, 21.55it/s]
computing score:  71%|███████   | 71/100 [00:03<00:01, 17.06it/s]
computing score:  75%|███████▌  | 75/100 [00:03<00:01, 20.29it/s]
computing score:  78%|███████▊  | 78/100 [00:03<00:01, 18.69it/s]
computing score:  83%|████████▎ | 83/100 [00:03<00:00, 23.82it/s]
computing score:  86%|████████▌ | 86/100 [00:04<00:00, 21.29it/s]
computing score:  90%|█████████ | 90/100 [00:04<00:00, 24.16it/s]
computing score:  93%|█████████▎| 93/100 [00:04<00:00, 22.08it/s]
computing score:  96%|█████████▌| 96/100 [00:04<00:00, 21.54it/s]
computing score: 100%|██████████| 100/100 [00:04<00:00, 24.14it/s]
computing score: 100%|██████████| 100/100 [00:04<00:00, 21.22it/s]
---- Delete CAPTURE score ----
CAPTURE score for delete task score: 0.773
CAPTURE score for delete task Tau-c: nan
CAPTURE score for delete task Tau-b: nan
CAPTURE score for delete task Pearson correlation: nan
---- Insert CAPTURE score ----
CAPTURE score for insert task score: 0.819
CAPTURE score for insert task Tau-c: nan
CAPTURE score for insert task Tau-b: nan
CAPTURE score for insert task Pearson correlation: nan
---- Combined CAPTURE score ----
CAPTURE score for combined task score: 0.819
CAPTURE score for combined task Tau-c: nan
CAPTURE score for combined task Tau-b: nan
CAPTURE score for combined task Pearson correlation: nan
------------------------------------------------------------------
Finished evaluating CAPTURE results.
Results saved to eval_res/eval_res_run_all_longfactual/longfactual/correlation_results_longfactual_finetuned_models_skip_toolong_False_skip_len_-1_max_input_len_512_max_output_len_512_max_triples_num_256_bs_scale_2_do_sample_False_num_beams_5_top_k_50_top_p_1.0_temperature_1.0/round_0/18-05_03-15-53/graph_mid_res/longfactual_dual_task_parse_results.json
Results saved to eval_res/eval_res_run_all_longfactual/longfactual/correlation_results_longfactual_finetuned_models_skip_toolong_False_skip_len_-1_max_input_len_512_max_output_len_512_max_triples_num_256_bs_scale_2_do_sample_False_num_beams_5_top_k_50_top_p_1.0_temperature_1.0/round_0/18-05_03-15-53/graph_mid_res/longfactual_sub_sentences_parse_dict_object.json
Results saved to eval_res/eval_res_run_all_longfactual/longfactual/correlation_results_longfactual_finetuned_models_skip_toolong_False_skip_len_-1_max_input_len_512_max_output_len_512_max_triples_num_256_bs_scale_2_do_sample_False_num_beams_5_top_k_50_top_p_1.0_temperature_1.0/round_0/18-05_03-15-53/graph_mid_res/longfactual_parse_dict.json
Round 2 of 3...

  0%|                                                            | 0/13 [00:00<?, ?it/s]
  8%|████                                                | 1/13 [00:00<00:03,  3.65it/s]
 15%|████████                                            | 2/13 [00:00<00:04,  2.57it/s]
 23%|████████████                                        | 3/13 [00:01<00:04,  2.31it/s]
 31%|████████████████                                    | 4/13 [00:01<00:04,  2.11it/s]
 38%|████████████████████                                | 5/13 [00:02<00:03,  2.17it/s]
 46%|████████████████████████                            | 6/13 [00:02<00:03,  2.08it/s]
 54%|████████████████████████████                        | 7/13 [00:03<00:02,  2.24it/s]
 62%|████████████████████████████████                    | 8/13 [00:03<00:02,  2.13it/s]
 69%|████████████████████████████████████                | 9/13 [00:04<00:01,  2.14it/s]
 77%|███████████████████████████████████████▏           | 10/13 [00:04<00:01,  2.04it/s]
 85%|███████████████████████████████████████████▏       | 11/13 [00:05<00:00,  2.05it/s]
 92%|███████████████████████████████████████████████    | 12/13 [00:05<00:00,  2.01it/s]
100%|███████████████████████████████████████████████████| 13/13 [00:05<00:00,  2.20it/s]
100%|███████████████████████████████████████████████████| 13/13 [00:05<00:00,  2.17it/s]

  0%|                                                            | 0/13 [00:00<?, ?it/s]
  8%|████                                                | 1/13 [00:06<01:16,  6.36s/it]
 15%|████████                                            | 2/13 [00:15<01:29,  8.16s/it]
 23%|████████████                                        | 3/13 [00:22<01:13,  7.36s/it]
 31%|████████████████                                    | 4/13 [00:27<00:59,  6.66s/it]
 38%|████████████████████                                | 5/13 [00:31<00:44,  5.56s/it]
 46%|████████████████████████                            | 6/13 [00:34<00:33,  4.82s/it]
 54%|████████████████████████████                        | 7/13 [00:39<00:27,  4.63s/it]
 62%|████████████████████████████████                    | 8/13 [00:44<00:24,  4.81s/it]
 69%|████████████████████████████████████                | 9/13 [00:46<00:16,  4.14s/it]
 77%|███████████████████████████████████████▏           | 10/13 [00:50<00:11,  3.93s/it]
 85%|███████████████████████████████████████████▏       | 11/13 [00:59<00:11,  5.57s/it]
 92%|███████████████████████████████████████████████    | 12/13 [01:03<00:05,  5.21s/it]
100%|███████████████████████████████████████████████████| 13/13 [01:11<00:00,  5.83s/it]
100%|███████████████████████████████████████████████████| 13/13 [01:11<00:00,  5.48s/it]
2025-05-18 03:19:39,499 - INFO - Starting evaluation...
2025-05-18 03:19:39,499 - INFO - Determine whether parsing is needed...
2025-05-18 03:19:39,499 - INFO - Parsing is needed: False
2025-05-18 03:19:39,506 - INFO - Determine whether parsing is needed...
2025-05-18 03:19:39,506 - INFO - Parsing is needed: False
2025-05-18 03:19:39,520 - INFO - Evaluating using method: spice
Evaluating parsing results...

  0%|          | 0/100 [00:00<?, ?it/s]
 63%|██████▎   | 63/100 [00:00<00:00, 625.14it/s]
100%|██████████| 100/100 [00:00<00:00, 643.78it/s]
2025-05-18 03:19:39,675 - INFO - Evaluation completed.
2025-05-18 03:19:39,675 - INFO - Starting evaluation...
2025-05-18 03:19:39,676 - INFO - Determine whether parsing is needed...
2025-05-18 03:19:39,676 - INFO - Parsing is needed: False
2025-05-18 03:19:39,681 - INFO - Determine whether parsing is needed...
2025-05-18 03:19:39,682 - INFO - Parsing is needed: False
2025-05-18 03:19:39,695 - INFO - Evaluating using method: soft_spice
using bidirectional:  True

Batches:   0%|          | 0/130 [00:00<?, ?it/s]
Batches:  13%|█▎        | 17/130 [00:00<00:00, 159.02it/s]
Batches:  25%|██▌       | 33/130 [00:00<00:01, 96.96it/s] 
Batches:  38%|███▊      | 49/130 [00:00<00:00, 117.37it/s]
Batches:  48%|████▊     | 63/130 [00:00<00:00, 97.00it/s] 
Batches:  59%|█████▉    | 77/130 [00:00<00:00, 107.72it/s]
Batches:  68%|██████▊   | 89/130 [00:00<00:00, 103.07it/s]
Batches:  78%|███████▊  | 101/130 [00:01<00:00, 92.57it/s]
Batches:  92%|█████████▏| 119/130 [00:01<00:00, 111.69it/s]
Batches: 100%|██████████| 130/130 [00:01<00:00, 103.67it/s]
2025-05-18 03:19:40,973 - INFO - Evaluation completed.
2025-05-18 03:19:40,973 - INFO - Starting evaluation...
2025-05-18 03:19:40,973 - INFO - Determine whether parsing is needed...
2025-05-18 03:19:40,973 - INFO - Parsing is needed: False
2025-05-18 03:19:40,997 - INFO - Determine whether parsing is needed...
2025-05-18 03:19:40,997 - INFO - Parsing is needed: False
2025-05-18 03:19:41,010 - INFO - Evaluating using method: spice

  0%|          | 0/100 [00:00<?, ?it/s]
 25%|██▌       | 25/100 [00:00<00:00, 239.68it/s]
 49%|████▉     | 49/100 [00:00<00:00, 227.37it/s]
 72%|███████▏  | 72/100 [00:00<00:00, 200.95it/s]
 95%|█████████▌| 95/100 [00:00<00:00, 210.41it/s]
100%|██████████| 100/100 [00:00<00:00, 216.69it/s]
2025-05-18 03:19:41,472 - INFO - Evaluation completed.
2025-05-18 03:19:41,472 - INFO - Starting evaluation...
2025-05-18 03:19:41,472 - INFO - Determine whether parsing is needed...
2025-05-18 03:19:41,473 - INFO - Parsing is needed: False
2025-05-18 03:19:41,496 - INFO - Determine whether parsing is needed...
2025-05-18 03:19:41,496 - INFO - Parsing is needed: False
2025-05-18 03:19:41,510 - INFO - Evaluating using method: soft_spice
using bidirectional:  True

Batches:   0%|          | 0/249 [00:00<?, ?it/s]
Batches:   4%|▍         | 11/249 [00:00<00:02, 99.43it/s]
Batches:   8%|▊         | 21/249 [00:00<00:02, 83.11it/s]
Batches:  13%|█▎        | 33/249 [00:00<00:02, 96.80it/s]
Batches:  18%|█▊        | 45/249 [00:00<00:01, 104.40it/s]
Batches:  22%|██▏       | 56/249 [00:00<00:02, 90.77it/s] 
Batches:  29%|██▉       | 73/249 [00:00<00:01, 111.13it/s]
Batches:  34%|███▍      | 85/249 [00:00<00:01, 95.90it/s] 
Batches:  39%|███▊      | 96/249 [00:00<00:01, 95.32it/s]
Batches:  44%|████▍     | 110/249 [00:01<00:01, 103.48it/s]
Batches:  49%|████▊     | 121/249 [00:01<00:01, 93.77it/s] 
Batches:  55%|█████▌    | 137/249 [00:01<00:01, 110.23it/s]
Batches:  60%|█████▉    | 149/249 [00:01<00:00, 100.89it/s]
Batches:  64%|██████▍   | 160/249 [00:01<00:00, 91.60it/s] 
Batches:  71%|███████   | 177/249 [00:01<00:00, 110.23it/s]
Batches:  80%|████████  | 200/249 [00:01<00:00, 140.13it/s]
Batches:  90%|█████████ | 225/249 [00:01<00:00, 167.82it/s]
Batches: 100%|██████████| 249/249 [00:02<00:00, 121.44it/s]
2025-05-18 03:19:43,604 - INFO - Evaluation completed.
2025-05-18 03:19:43,605 - INFO - Starting evaluation...
2025-05-18 03:19:43,605 - INFO - Determine whether parsing is needed...
2025-05-18 03:19:43,605 - INFO - Parsing is needed: False
2025-05-18 03:19:43,619 - INFO - Determine whether parsing is needed...
2025-05-18 03:19:43,619 - INFO - Parsing is needed: False
2025-05-18 03:19:43,632 - INFO - Evaluating using method: spice

  0%|          | 0/100 [00:00<?, ?it/s]
 42%|████▏     | 42/100 [00:00<00:00, 418.72it/s]
 87%|████████▋ | 87/100 [00:00<00:00, 434.29it/s]
100%|██████████| 100/100 [00:00<00:00, 449.52it/s]
2025-05-18 03:19:43,855 - INFO - Evaluation completed.
2025-05-18 03:19:43,855 - INFO - Starting evaluation...
2025-05-18 03:19:43,855 - INFO - Determine whether parsing is needed...
2025-05-18 03:19:43,855 - INFO - Parsing is needed: False
2025-05-18 03:19:43,870 - INFO - Determine whether parsing is needed...
2025-05-18 03:19:43,870 - INFO - Parsing is needed: False
2025-05-18 03:19:43,883 - INFO - Evaluating using method: soft_spice
using bidirectional:  True

Batches:   0%|          | 0/188 [00:00<?, ?it/s]
Batches:  12%|█▏        | 23/188 [00:00<00:00, 224.96it/s]
Batches:  24%|██▍       | 46/188 [00:00<00:00, 226.99it/s]
Batches:  37%|███▋      | 69/188 [00:00<00:00, 227.18it/s]
Batches:  49%|████▉     | 93/188 [00:00<00:00, 228.79it/s]
Batches:  62%|██████▏   | 116/188 [00:00<00:00, 157.91it/s]
Batches:  72%|███████▏  | 135/188 [00:00<00:00, 132.11it/s]
Batches:  80%|████████  | 151/188 [00:01<00:00, 118.36it/s]
Batches:  88%|████████▊ | 166/188 [00:01<00:00, 123.74it/s]
Batches:  96%|█████████▌| 180/188 [00:01<00:00, 106.61it/s]
Batches: 100%|██████████| 188/188 [00:01<00:00, 135.86it/s]
2025-05-18 03:19:45,299 - INFO - Evaluation completed.
2025-05-18 03:19:45,299 - INFO - Starting evaluation...
2025-05-18 03:19:45,299 - INFO - Determine whether parsing is needed...
2025-05-18 03:19:45,299 - INFO - Parsing is needed: False
2025-05-18 03:19:45,316 - INFO - Determine whether parsing is needed...
2025-05-18 03:19:45,316 - INFO - Parsing is needed: False
2025-05-18 03:19:45,329 - INFO - Evaluating using method: spice

  0%|          | 0/100 [00:00<?, ?it/s]
 57%|█████▋    | 57/100 [00:00<00:00, 557.81it/s]
100%|██████████| 100/100 [00:00<00:00, 551.94it/s]
2025-05-18 03:19:45,511 - INFO - Evaluation completed.
2025-05-18 03:19:45,511 - INFO - Starting evaluation...
2025-05-18 03:19:45,511 - INFO - Determine whether parsing is needed...
2025-05-18 03:19:45,511 - INFO - Parsing is needed: False
2025-05-18 03:19:45,528 - INFO - Determine whether parsing is needed...
2025-05-18 03:19:45,528 - INFO - Parsing is needed: False
2025-05-18 03:19:45,542 - INFO - Evaluating using method: soft_spice
using bidirectional:  True

Batches:   0%|          | 0/206 [00:00<?, ?it/s]
Batches:   8%|▊         | 17/206 [00:00<00:01, 163.79it/s]
Batches:  17%|█▋        | 34/206 [00:00<00:01, 104.51it/s]
Batches:  22%|██▏       | 46/206 [00:00<00:01, 97.92it/s] 
Batches:  30%|███       | 62/206 [00:00<00:01, 112.45it/s]
Batches:  36%|███▌      | 74/206 [00:00<00:01, 97.55it/s] 
Batches:  41%|████▏     | 85/206 [00:00<00:01, 95.31it/s]
Batches:  50%|████▉     | 102/206 [00:00<00:00, 112.33it/s]
Batches:  55%|█████▌    | 114/206 [00:01<00:00, 98.70it/s] 
Batches:  61%|██████    | 125/206 [00:01<00:00, 95.58it/s]
Batches:  69%|██████▉   | 142/206 [00:01<00:00, 110.82it/s]
Batches:  75%|███████▍  | 154/206 [00:01<00:00, 98.26it/s] 
Batches:  82%|████████▏ | 168/206 [00:01<00:00, 107.96it/s]
Batches:  87%|████████▋ | 180/206 [00:01<00:00, 105.75it/s]
Batches:  93%|█████████▎| 191/206 [00:01<00:00, 95.77it/s] 
Batches: 100%|██████████| 206/206 [00:01<00:00, 105.88it/s]
2025-05-18 03:19:47,524 - INFO - Evaluation completed.
2025-05-18 03:19:47,525 - INFO - Starting evaluation...
2025-05-18 03:19:47,525 - INFO - Determine whether parsing is needed...
2025-05-18 03:19:47,525 - INFO - Parsing is needed: False
2025-05-18 03:19:47,542 - INFO - Determine whether parsing is needed...
2025-05-18 03:19:47,542 - INFO - Parsing is needed: False
2025-05-18 03:19:47,556 - INFO - Evaluating using method: spice

  0%|          | 0/100 [00:00<?, ?it/s]
 54%|█████▍    | 54/100 [00:00<00:00, 534.17it/s]
100%|██████████| 100/100 [00:00<00:00, 528.47it/s]
2025-05-18 03:19:47,745 - INFO - Evaluation completed.
2025-05-18 03:19:47,745 - INFO - Starting evaluation...
2025-05-18 03:19:47,745 - INFO - Determine whether parsing is needed...
2025-05-18 03:19:47,746 - INFO - Parsing is needed: False
2025-05-18 03:19:47,763 - INFO - Determine whether parsing is needed...
2025-05-18 03:19:47,763 - INFO - Parsing is needed: False
2025-05-18 03:19:47,776 - INFO - Evaluating using method: soft_spice
using bidirectional:  True

Batches:   0%|          | 0/206 [00:00<?, ?it/s]
Batches:   6%|▌         | 12/206 [00:00<00:01, 113.07it/s]
Batches:  12%|█▏        | 24/206 [00:00<00:02, 86.35it/s] 
Batches:  17%|█▋        | 34/206 [00:00<00:01, 89.61it/s]
Batches:  24%|██▍       | 50/206 [00:00<00:01, 112.25it/s]
Batches:  30%|███       | 62/206 [00:00<00:01, 95.44it/s] 
Batches:  35%|███▌      | 73/206 [00:00<00:01, 92.91it/s]
Batches:  43%|████▎     | 89/206 [00:00<00:01, 110.14it/s]
Batches:  49%|████▉     | 101/206 [00:01<00:01, 96.87it/s]
Batches:  54%|█████▍    | 112/206 [00:01<00:00, 99.03it/s]
Batches:  62%|██████▏   | 128/206 [00:01<00:00, 111.49it/s]
Batches:  68%|██████▊   | 140/206 [00:01<00:00, 98.19it/s] 
Batches:  73%|███████▎  | 151/206 [00:01<00:00, 96.07it/s]
Batches:  81%|████████  | 166/206 [00:01<00:00, 106.55it/s]
Batches:  86%|████████▋ | 178/206 [00:01<00:00, 95.07it/s] 
Batches:  95%|█████████▌| 196/206 [00:01<00:00, 114.88it/s]
Batches: 100%|██████████| 206/206 [00:02<00:00, 101.42it/s]
2025-05-18 03:19:49,840 - INFO - Evaluation completed.
2025-05-18 03:19:49,847 - INFO - Use pytorch device_name: cuda:0
2025-05-18 03:19:49,847 - INFO - Load pretrained SentenceTransformer: sentence-transformers/all-mpnet-base-v2
---- Original SPICE score ----
SPICE score original score: 37.555
SPICE score original Tau-c: nan
SPICE score original Tau-b: nan
SPICE score original Pearson correlation: nan
---- Original Soft SPICE score ----
Soft SPICE score original score: 88.037
Soft SPICE score original Tau-c: nan
Soft SPICE score original Tau-b: nan
Soft SPICE score original Pearson correlation: nan
---- Sub-sentences SPICE score ----
SPICE score sub-sentences score: 49.444
SPICE score sub-sentences Tau-c: nan
SPICE score sub-sentences Tau-b: nan
SPICE score sub-sentences Pearson correlation: nan
---- Sub-sentences Soft SPICE score ----
Soft SPICE score sub-sentences score: 90.873
Soft SPICE score sub-sentences Tau-c: nan
Soft SPICE score sub-sentences Tau-b: nan
Soft SPICE score sub-sentences Pearson correlation: nan
---- Delete SPICE score ----
SPICE score for delete task score: 59.715
SPICE score for delete task Tau-c: nan
SPICE score for delete task Tau-b: nan
SPICE score for delete task Pearson correlation: nan
---- Delete Soft SPICE score ----
Soft SPICE score for delete task score: 93.399
Soft SPICE score for delete task Tau-c: nan
Soft SPICE score for delete task Tau-b: nan
Soft SPICE score for delete task Pearson correlation: nan
---- Insert SPICE score ----
SPICE score for insert task score: 66.226
SPICE score for insert task Tau-c: nan
SPICE score for insert task Tau-b: nan
SPICE score for insert task Pearson correlation: nan
---- Insert Soft SPICE score ----
Soft SPICE score for insert task score: 94.733
Soft SPICE score for insert task Tau-c: nan
Soft SPICE score for insert task Tau-b: nan
Soft SPICE score for insert task Pearson correlation: nan
---- Combined SPICE score ----
SPICE score for combined task score: 66.226
SPICE score for combined task Tau-c: nan
SPICE score for combined task Tau-b: nan
SPICE score for combined task Pearson correlation: nan
---- Combined Soft SPICE score ----
Soft SPICE score for combined task score: 94.733
Soft SPICE score for combined task Tau-c: nan
Soft SPICE score for combined task Tau-b: nan
Soft SPICE score for combined task Pearson correlation: nan
------------------------------------------------------------------
Evaluating CAPTURE results...

computing score:   0%|          | 0/100 [00:00<?, ?it/s]
computing score:   2%|▏         | 2/100 [00:00<00:10,  8.99it/s]
computing score:   5%|▌         | 5/100 [00:00<00:05, 16.24it/s]
computing score:   7%|▋         | 7/100 [00:00<00:06, 13.91it/s]
computing score:   9%|▉         | 9/100 [00:00<00:07, 12.96it/s]
computing score:  12%|█▏        | 12/100 [00:00<00:05, 15.97it/s]
computing score:  14%|█▍        | 14/100 [00:01<00:06, 13.27it/s]
computing score:  17%|█▋        | 17/100 [00:01<00:06, 13.58it/s]
computing score:  19%|█▉        | 19/100 [00:01<00:06, 12.58it/s]
computing score:  22%|██▏       | 22/100 [00:01<00:05, 15.29it/s]
computing score:  24%|██▍       | 24/100 [00:01<00:06, 11.92it/s]
computing score:  26%|██▌       | 26/100 [00:02<00:06, 11.77it/s]
computing score:  28%|██▊       | 28/100 [00:02<00:06, 11.16it/s]
computing score:  31%|███       | 31/100 [00:02<00:05, 13.10it/s]
computing score:  33%|███▎      | 33/100 [00:02<00:05, 11.62it/s]
computing score:  35%|███▌      | 35/100 [00:02<00:05, 11.63it/s]
computing score:  37%|███▋      | 37/100 [00:02<00:05, 12.26it/s]
computing score:  39%|███▉      | 39/100 [00:03<00:04, 12.75it/s]
computing score:  41%|████      | 41/100 [00:03<00:05, 11.65it/s]
computing score:  43%|████▎     | 43/100 [00:03<00:04, 12.54it/s]
computing score:  45%|████▌     | 45/100 [00:03<00:04, 12.00it/s]
computing score:  47%|████▋     | 47/100 [00:03<00:03, 13.31it/s]
computing score:  49%|████▉     | 49/100 [00:03<00:04, 12.35it/s]
computing score:  51%|█████     | 51/100 [00:04<00:03, 13.11it/s]
computing score:  53%|█████▎    | 53/100 [00:04<00:03, 13.17it/s]
computing score:  55%|█████▌    | 55/100 [00:04<00:03, 11.74it/s]
computing score:  57%|█████▋    | 57/100 [00:04<00:03, 12.62it/s]
computing score:  59%|█████▉    | 59/100 [00:04<00:03, 11.12it/s]
computing score:  61%|██████    | 61/100 [00:04<00:03, 12.50it/s]
computing score:  63%|██████▎   | 63/100 [00:04<00:02, 13.62it/s]
computing score:  65%|██████▌   | 65/100 [00:05<00:03, 10.26it/s]
computing score:  68%|██████▊   | 68/100 [00:05<00:02, 11.64it/s]
computing score:  70%|███████   | 70/100 [00:05<00:02, 10.58it/s]
computing score:  73%|███████▎  | 73/100 [00:05<00:02, 11.80it/s]
computing score:  75%|███████▌  | 75/100 [00:06<00:02, 12.40it/s]
computing score:  77%|███████▋  | 77/100 [00:06<00:01, 13.23it/s]
computing score:  79%|███████▉  | 79/100 [00:06<00:01, 12.47it/s]
computing score:  82%|████████▏ | 82/100 [00:06<00:01, 15.85it/s]
computing score:  84%|████████▍ | 84/100 [00:06<00:01, 14.64it/s]
computing score:  86%|████████▌ | 86/100 [00:06<00:01, 13.36it/s]
computing score:  88%|████████▊ | 88/100 [00:06<00:00, 12.80it/s]
computing score:  91%|█████████ | 91/100 [00:07<00:00, 15.87it/s]
computing score:  93%|█████████▎| 93/100 [00:07<00:00, 15.25it/s]
computing score:  95%|█████████▌| 95/100 [00:07<00:00, 14.11it/s]
computing score:  98%|█████████▊| 98/100 [00:07<00:00, 16.99it/s]
computing score: 100%|██████████| 100/100 [00:07<00:00, 16.29it/s]
computing score: 100%|██████████| 100/100 [00:07<00:00, 13.05it/s]
---- Sub-sentences CAPTURE score ----
CAPTURE score sub-sentences score: 0.756
CAPTURE score sub-sentences Tau-c: nan
CAPTURE score sub-sentences Tau-b: nan
CAPTURE score sub-sentences Pearson correlation: nan

computing score:   0%|          | 0/100 [00:00<?, ?it/s]
computing score:   5%|▌         | 5/100 [00:00<00:02, 47.47it/s]
computing score:  10%|█         | 10/100 [00:00<00:03, 23.95it/s]
computing score:  16%|█▌        | 16/100 [00:00<00:03, 26.80it/s]
computing score:  20%|██        | 20/100 [00:00<00:03, 25.51it/s]
computing score:  23%|██▎       | 23/100 [00:00<00:03, 25.40it/s]
computing score:  26%|██▌       | 26/100 [00:01<00:03, 22.56it/s]
computing score:  31%|███       | 31/100 [00:01<00:02, 26.99it/s]
computing score:  34%|███▍      | 34/100 [00:01<00:02, 23.20it/s]
computing score:  37%|███▋      | 37/100 [00:01<00:02, 24.60it/s]
computing score:  40%|████      | 40/100 [00:01<00:02, 21.30it/s]
computing score:  43%|████▎     | 43/100 [00:01<00:02, 20.87it/s]
computing score:  46%|████▌     | 46/100 [00:01<00:02, 19.54it/s]
computing score:  49%|████▉     | 49/100 [00:02<00:02, 18.40it/s]
computing score:  52%|█████▏    | 52/100 [00:02<00:02, 20.62it/s]
computing score:  55%|█████▌    | 55/100 [00:02<00:02, 20.89it/s]
computing score:  58%|█████▊    | 58/100 [00:02<00:02, 19.85it/s]
computing score:  61%|██████    | 61/100 [00:02<00:01, 19.50it/s]
computing score:  64%|██████▍   | 64/100 [00:02<00:01, 21.08it/s]
computing score:  67%|██████▋   | 67/100 [00:02<00:01, 22.98it/s]
computing score:  70%|███████   | 70/100 [00:03<00:01, 20.75it/s]
computing score:  73%|███████▎  | 73/100 [00:03<00:01, 19.27it/s]
computing score:  76%|███████▌  | 76/100 [00:03<00:01, 21.37it/s]
computing score:  79%|███████▉  | 79/100 [00:03<00:00, 21.96it/s]
computing score:  82%|████████▏ | 82/100 [00:03<00:00, 22.69it/s]
computing score:  85%|████████▌ | 85/100 [00:03<00:00, 23.89it/s]
computing score:  88%|████████▊ | 88/100 [00:03<00:00, 24.69it/s]
computing score:  92%|█████████▏| 92/100 [00:04<00:00, 25.25it/s]
computing score:  95%|█████████▌| 95/100 [00:04<00:00, 23.09it/s]
computing score:  99%|█████████▉| 99/100 [00:04<00:00, 24.42it/s]
computing score: 100%|██████████| 100/100 [00:04<00:00, 22.82it/s]

computing score:   0%|          | 0/100 [00:00<?, ?it/s]
computing score:   3%|▎         | 3/100 [00:00<00:04, 24.24it/s]
computing score:   6%|▌         | 6/100 [00:00<00:03, 27.21it/s]
computing score:   9%|▉         | 9/100 [00:00<00:04, 20.01it/s]
computing score:  12%|█▏        | 12/100 [00:00<00:04, 19.94it/s]
computing score:  15%|█▌        | 15/100 [00:00<00:03, 22.49it/s]
computing score:  18%|█▊        | 18/100 [00:00<00:04, 19.28it/s]
computing score:  21%|██        | 21/100 [00:00<00:03, 21.16it/s]
computing score:  24%|██▍       | 24/100 [00:01<00:04, 16.87it/s]
computing score:  27%|██▋       | 27/100 [00:01<00:04, 17.30it/s]
computing score:  29%|██▉       | 29/100 [00:01<00:04, 17.68it/s]
computing score:  31%|███       | 31/100 [00:01<00:04, 16.40it/s]
computing score:  34%|███▍      | 34/100 [00:01<00:03, 19.25it/s]
computing score:  37%|███▋      | 37/100 [00:01<00:03, 16.51it/s]
computing score:  39%|███▉      | 39/100 [00:02<00:03, 15.92it/s]
computing score:  41%|████      | 41/100 [00:02<00:03, 16.72it/s]
computing score:  43%|████▎     | 43/100 [00:02<00:03, 14.66it/s]
computing score:  46%|████▌     | 46/100 [00:02<00:03, 17.53it/s]
computing score:  48%|████▊     | 48/100 [00:02<00:02, 17.36it/s]
computing score:  50%|█████     | 50/100 [00:02<00:03, 16.31it/s]
computing score:  54%|█████▍    | 54/100 [00:02<00:02, 20.31it/s]
computing score:  57%|█████▋    | 57/100 [00:03<00:02, 16.36it/s]
computing score:  60%|██████    | 60/100 [00:03<00:02, 18.12it/s]
computing score:  62%|██████▏   | 62/100 [00:03<00:02, 16.21it/s]
computing score:  64%|██████▍   | 64/100 [00:03<00:02, 16.65it/s]
computing score:  67%|██████▋   | 67/100 [00:03<00:01, 18.07it/s]
computing score:  69%|██████▉   | 69/100 [00:03<00:01, 16.64it/s]
computing score:  71%|███████   | 71/100 [00:03<00:01, 17.33it/s]
computing score:  73%|███████▎  | 73/100 [00:04<00:01, 14.99it/s]
computing score:  76%|███████▌  | 76/100 [00:04<00:01, 16.91it/s]
computing score:  79%|███████▉  | 79/100 [00:04<00:01, 18.00it/s]
computing score:  81%|████████  | 81/100 [00:04<00:01, 15.47it/s]
computing score:  84%|████████▍ | 84/100 [00:04<00:00, 18.33it/s]
computing score:  87%|████████▋ | 87/100 [00:04<00:00, 17.49it/s]
computing score:  90%|█████████ | 90/100 [00:05<00:00, 18.99it/s]
computing score:  93%|█████████▎| 93/100 [00:05<00:00, 20.24it/s]
computing score:  96%|█████████▌| 96/100 [00:05<00:00, 18.07it/s]
computing score: 100%|██████████| 100/100 [00:05<00:00, 22.03it/s]
computing score: 100%|██████████| 100/100 [00:05<00:00, 18.16it/s]

computing score:   0%|          | 0/100 [00:00<?, ?it/s]
computing score:   4%|▍         | 4/100 [00:00<00:03, 28.93it/s]
computing score:   7%|▋         | 7/100 [00:00<00:04, 23.04it/s]
computing score:  11%|█         | 11/100 [00:00<00:03, 25.38it/s]
computing score:  15%|█▌        | 15/100 [00:00<00:03, 27.90it/s]
computing score:  18%|█▊        | 18/100 [00:00<00:02, 28.08it/s]
computing score:  21%|██        | 21/100 [00:00<00:03, 26.31it/s]
computing score:  24%|██▍       | 24/100 [00:00<00:03, 23.50it/s]
computing score:  27%|██▋       | 27/100 [00:01<00:02, 24.41it/s]
computing score:  30%|███       | 30/100 [00:01<00:02, 23.49it/s]
computing score:  33%|███▎      | 33/100 [00:01<00:02, 23.31it/s]
computing score:  37%|███▋      | 37/100 [00:01<00:02, 25.86it/s]
computing score:  40%|████      | 40/100 [00:01<00:02, 20.95it/s]
computing score:  43%|████▎     | 43/100 [00:01<00:02, 21.32it/s]
computing score:  46%|████▌     | 46/100 [00:02<00:02, 19.09it/s]
computing score:  49%|████▉     | 49/100 [00:02<00:02, 20.46it/s]
computing score:  52%|█████▏    | 52/100 [00:02<00:02, 18.99it/s]
computing score:  56%|█████▌    | 56/100 [00:02<00:01, 22.34it/s]
computing score:  59%|█████▉    | 59/100 [00:02<00:02, 19.23it/s]
computing score:  62%|██████▏   | 62/100 [00:02<00:01, 19.62it/s]
computing score:  65%|██████▌   | 65/100 [00:02<00:01, 20.99it/s]
computing score:  68%|██████▊   | 68/100 [00:03<00:01, 20.68it/s]
computing score:  71%|███████   | 71/100 [00:03<00:01, 19.88it/s]
computing score:  74%|███████▍  | 74/100 [00:03<00:01, 20.57it/s]
computing score:  78%|███████▊  | 78/100 [00:03<00:01, 21.60it/s]
computing score:  81%|████████  | 81/100 [00:03<00:00, 22.36it/s]
computing score:  84%|████████▍ | 84/100 [00:03<00:00, 22.86it/s]
computing score:  87%|████████▋ | 87/100 [00:03<00:00, 23.59it/s]
computing score:  91%|█████████ | 91/100 [00:03<00:00, 27.07it/s]
computing score:  94%|█████████▍| 94/100 [00:04<00:00, 23.84it/s]
computing score:  97%|█████████▋| 97/100 [00:04<00:00, 24.07it/s]
computing score: 100%|██████████| 100/100 [00:04<00:00, 24.21it/s]
computing score: 100%|██████████| 100/100 [00:04<00:00, 22.69it/s]
---- Delete CAPTURE score ----
CAPTURE score for delete task score: 0.806
CAPTURE score for delete task Tau-c: nan
CAPTURE score for delete task Tau-b: nan
CAPTURE score for delete task Pearson correlation: nan
---- Insert CAPTURE score ----
CAPTURE score for insert task score: 0.833
CAPTURE score for insert task Tau-c: nan
CAPTURE score for insert task Tau-b: nan
CAPTURE score for insert task Pearson correlation: nan
---- Combined CAPTURE score ----
CAPTURE score for combined task score: 0.833
CAPTURE score for combined task Tau-c: nan
CAPTURE score for combined task Tau-b: nan
CAPTURE score for combined task Pearson correlation: nan
------------------------------------------------------------------
Finished evaluating CAPTURE results.
Results saved to eval_res/eval_res_run_all_longfactual/longfactual/correlation_results_longfactual_finetuned_models_skip_toolong_False_skip_len_-1_max_input_len_512_max_output_len_512_max_triples_num_256_bs_scale_2_do_sample_False_num_beams_5_top_k_50_top_p_1.0_temperature_1.0/round_1/18-05_03-15-53/graph_mid_res/longfactual_dual_task_parse_results.json
Results saved to eval_res/eval_res_run_all_longfactual/longfactual/correlation_results_longfactual_finetuned_models_skip_toolong_False_skip_len_-1_max_input_len_512_max_output_len_512_max_triples_num_256_bs_scale_2_do_sample_False_num_beams_5_top_k_50_top_p_1.0_temperature_1.0/round_1/18-05_03-15-53/graph_mid_res/longfactual_sub_sentences_parse_dict_object.json
Results saved to eval_res/eval_res_run_all_longfactual/longfactual/correlation_results_longfactual_finetuned_models_skip_toolong_False_skip_len_-1_max_input_len_512_max_output_len_512_max_triples_num_256_bs_scale_2_do_sample_False_num_beams_5_top_k_50_top_p_1.0_temperature_1.0/round_1/18-05_03-15-53/graph_mid_res/longfactual_parse_dict.json
Round 3 of 3...

  0%|                                                            | 0/13 [00:00<?, ?it/s]
  8%|████                                                | 1/13 [00:00<00:05,  2.15it/s]
 15%|████████                                            | 2/13 [00:00<00:05,  2.00it/s]
 23%|████████████                                        | 3/13 [00:01<00:04,  2.07it/s]
 31%|████████████████                                    | 4/13 [00:01<00:04,  1.99it/s]
 38%|████████████████████                                | 5/13 [00:02<00:04,  1.99it/s]
 46%|████████████████████████                            | 6/13 [00:02<00:03,  2.02it/s]
 54%|████████████████████████████                        | 7/13 [00:03<00:02,  2.03it/s]
 62%|████████████████████████████████                    | 8/13 [00:03<00:02,  2.03it/s]
 69%|████████████████████████████████████                | 9/13 [00:04<00:01,  2.06it/s]
 77%|███████████████████████████████████████▏           | 10/13 [00:04<00:01,  2.07it/s]
 85%|███████████████████████████████████████████▏       | 11/13 [00:05<00:00,  2.08it/s]
 92%|███████████████████████████████████████████████    | 12/13 [00:05<00:00,  2.22it/s]
100%|███████████████████████████████████████████████████| 13/13 [00:06<00:00,  2.29it/s]
100%|███████████████████████████████████████████████████| 13/13 [00:06<00:00,  2.11it/s]

  0%|                                                            | 0/13 [00:00<?, ?it/s]
  8%|████                                                | 1/13 [00:06<01:21,  6.78s/it]
 15%|████████                                            | 2/13 [00:14<01:21,  7.45s/it]
 23%|████████████                                        | 3/13 [00:21<01:12,  7.28s/it]
 31%|████████████████                                    | 4/13 [00:27<00:58,  6.54s/it]
 38%|████████████████████                                | 5/13 [00:31<00:45,  5.63s/it]
 46%|████████████████████████                            | 6/13 [00:34<00:33,  4.85s/it]
 54%|████████████████████████████                        | 7/13 [00:38<00:27,  4.66s/it]
 62%|████████████████████████████████                    | 8/13 [00:42<00:21,  4.28s/it]
 69%|████████████████████████████████████                | 9/13 [00:45<00:15,  3.85s/it]
 77%|███████████████████████████████████████▏           | 10/13 [00:48<00:11,  3.69s/it]
 85%|███████████████████████████████████████████▏       | 11/13 [00:57<00:10,  5.39s/it]
 92%|███████████████████████████████████████████████    | 12/13 [01:02<00:05,  5.30s/it]
100%|███████████████████████████████████████████████████| 13/13 [01:09<00:00,  5.85s/it]
100%|███████████████████████████████████████████████████| 13/13 [01:09<00:00,  5.38s/it]
2025-05-18 03:21:32,326 - INFO - Starting evaluation...
2025-05-18 03:21:32,326 - INFO - Determine whether parsing is needed...
2025-05-18 03:21:32,326 - INFO - Parsing is needed: False
2025-05-18 03:21:32,333 - INFO - Determine whether parsing is needed...
2025-05-18 03:21:32,333 - INFO - Parsing is needed: False
2025-05-18 03:21:32,347 - INFO - Evaluating using method: spice
Evaluating parsing results...

  0%|          | 0/100 [00:00<?, ?it/s]
 63%|██████▎   | 63/100 [00:00<00:00, 624.90it/s]
100%|██████████| 100/100 [00:00<00:00, 646.40it/s]
2025-05-18 03:21:32,502 - INFO - Evaluation completed.
2025-05-18 03:21:32,502 - INFO - Starting evaluation...
2025-05-18 03:21:32,502 - INFO - Determine whether parsing is needed...
2025-05-18 03:21:32,502 - INFO - Parsing is needed: False
2025-05-18 03:21:32,508 - INFO - Determine whether parsing is needed...
2025-05-18 03:21:32,508 - INFO - Parsing is needed: False
2025-05-18 03:21:32,521 - INFO - Evaluating using method: soft_spice
using bidirectional:  True

Batches:   0%|          | 0/130 [00:00<?, ?it/s]
Batches:  12%|█▏        | 15/130 [00:00<00:00, 144.36it/s]
Batches:  23%|██▎       | 30/130 [00:00<00:00, 110.45it/s]
Batches:  32%|███▏      | 42/130 [00:00<00:00, 94.83it/s] 
Batches:  44%|████▍     | 57/130 [00:00<00:00, 110.95it/s]
Batches:  53%|█████▎    | 69/130 [00:00<00:00, 96.22it/s] 
Batches:  65%|██████▍   | 84/130 [00:00<00:00, 110.59it/s]
Batches:  74%|███████▍  | 96/130 [00:00<00:00, 100.32it/s]
Batches:  82%|████████▏ | 107/130 [00:01<00:00, 91.95it/s]
Batches:  96%|█████████▌| 125/130 [00:01<00:00, 111.30it/s]
Batches: 100%|██████████| 130/130 [00:01<00:00, 104.47it/s]
2025-05-18 03:21:33,788 - INFO - Evaluation completed.
2025-05-18 03:21:33,789 - INFO - Starting evaluation...
2025-05-18 03:21:33,789 - INFO - Determine whether parsing is needed...
2025-05-18 03:21:33,789 - INFO - Parsing is needed: False
2025-05-18 03:21:33,812 - INFO - Determine whether parsing is needed...
2025-05-18 03:21:33,812 - INFO - Parsing is needed: False
2025-05-18 03:21:33,826 - INFO - Evaluating using method: spice

  0%|          | 0/100 [00:00<?, ?it/s]
 25%|██▌       | 25/100 [00:00<00:00, 235.41it/s]
 49%|████▉     | 49/100 [00:00<00:00, 227.33it/s]
 72%|███████▏  | 72/100 [00:00<00:00, 207.17it/s]
 97%|█████████▋| 97/100 [00:00<00:00, 219.25it/s]
100%|██████████| 100/100 [00:00<00:00, 222.61it/s]
2025-05-18 03:21:34,275 - INFO - Evaluation completed.
2025-05-18 03:21:34,275 - INFO - Starting evaluation...
2025-05-18 03:21:34,276 - INFO - Determine whether parsing is needed...
2025-05-18 03:21:34,276 - INFO - Parsing is needed: False
2025-05-18 03:21:34,299 - INFO - Determine whether parsing is needed...
2025-05-18 03:21:34,299 - INFO - Parsing is needed: False
2025-05-18 03:21:34,313 - INFO - Evaluating using method: soft_spice
using bidirectional:  True

Batches:   0%|          | 0/249 [00:00<?, ?it/s]
Batches:   4%|▎         | 9/249 [00:00<00:02, 89.72it/s]
Batches:  10%|█         | 25/249 [00:00<00:01, 126.64it/s]
Batches:  15%|█▌        | 38/249 [00:00<00:02, 95.13it/s] 
Batches:  20%|█▉        | 49/249 [00:00<00:02, 93.92it/s]
Batches:  25%|██▍       | 62/249 [00:00<00:01, 102.08it/s]
Batches:  29%|██▉       | 73/249 [00:00<00:01, 94.75it/s] 
Batches:  35%|███▌      | 88/249 [00:00<00:01, 107.35it/s]
Batches:  40%|████      | 100/249 [00:01<00:01, 95.05it/s]
Batches:  48%|████▊     | 120/249 [00:01<00:01, 117.86it/s]
Batches:  53%|█████▎    | 133/249 [00:01<00:01, 101.75it/s]
Batches:  58%|█████▊    | 144/249 [00:01<00:01, 96.06it/s] 
Batches:  65%|██████▌   | 162/249 [00:01<00:00, 115.95it/s]
Batches:  70%|███████   | 175/249 [00:01<00:00, 100.44it/s]
Batches:  76%|███████▌  | 188/249 [00:01<00:00, 106.63it/s]
Batches:  80%|████████  | 200/249 [00:01<00:00, 109.14it/s]
Batches:  85%|████████▌ | 212/249 [00:02<00:00, 97.20it/s] 
Batches:  92%|█████████▏| 228/249 [00:02<00:00, 109.24it/s]
Batches:  96%|█████████▋| 240/249 [00:02<00:00, 98.59it/s] 
Batches: 100%|██████████| 249/249 [00:02<00:00, 104.55it/s]
2025-05-18 03:21:36,735 - INFO - Evaluation completed.
2025-05-18 03:21:36,735 - INFO - Starting evaluation...
2025-05-18 03:21:36,735 - INFO - Determine whether parsing is needed...
2025-05-18 03:21:36,736 - INFO - Parsing is needed: False
2025-05-18 03:21:36,750 - INFO - Determine whether parsing is needed...
2025-05-18 03:21:36,750 - INFO - Parsing is needed: False
2025-05-18 03:21:36,763 - INFO - Evaluating using method: spice

  0%|          | 0/100 [00:00<?, ?it/s]
 43%|████▎     | 43/100 [00:00<00:00, 428.93it/s]
 87%|████████▋ | 87/100 [00:00<00:00, 430.11it/s]
100%|██████████| 100/100 [00:00<00:00, 450.00it/s]
2025-05-18 03:21:36,986 - INFO - Evaluation completed.
2025-05-18 03:21:36,986 - INFO - Starting evaluation...
2025-05-18 03:21:36,986 - INFO - Determine whether parsing is needed...
2025-05-18 03:21:36,986 - INFO - Parsing is needed: False
2025-05-18 03:21:37,000 - INFO - Determine whether parsing is needed...
2025-05-18 03:21:37,000 - INFO - Parsing is needed: False
2025-05-18 03:21:37,013 - INFO - Evaluating using method: soft_spice
using bidirectional:  True

Batches:   0%|          | 0/189 [00:00<?, ?it/s]
Batches:   4%|▍         | 8/189 [00:00<00:02, 72.97it/s]
Batches:   8%|▊         | 16/189 [00:00<00:02, 73.31it/s]
Batches:  16%|█▌        | 30/189 [00:00<00:01, 100.71it/s]
Batches:  22%|██▏       | 41/189 [00:00<00:01, 101.53it/s]
Batches:  28%|██▊       | 52/189 [00:00<00:01, 90.00it/s] 
Batches:  36%|███▌      | 68/189 [00:00<00:01, 110.61it/s]
Batches:  42%|████▏     | 80/189 [00:00<00:01, 96.07it/s] 
Batches:  48%|████▊     | 91/189 [00:00<00:01, 92.94it/s]
Batches:  57%|█████▋    | 107/189 [00:01<00:00, 106.98it/s]
Batches:  63%|██████▎   | 119/189 [00:01<00:00, 95.44it/s] 
Batches:  69%|██████▉   | 130/189 [00:01<00:00, 93.77it/s]
Batches:  76%|███████▌  | 143/189 [00:01<00:00, 102.64it/s]
Batches:  81%|████████▏ | 154/189 [00:01<00:00, 93.41it/s] 
Batches:  89%|████████▉ | 169/189 [00:01<00:00, 106.62it/s]
Batches:  96%|█████████▌| 181/189 [00:01<00:00, 94.62it/s] 
Batches: 100%|██████████| 189/189 [00:01<00:00, 97.60it/s]
2025-05-18 03:21:38,982 - INFO - Evaluation completed.
2025-05-18 03:21:38,983 - INFO - Starting evaluation...
2025-05-18 03:21:38,983 - INFO - Determine whether parsing is needed...
2025-05-18 03:21:38,983 - INFO - Parsing is needed: False
2025-05-18 03:21:39,000 - INFO - Determine whether parsing is needed...
2025-05-18 03:21:39,000 - INFO - Parsing is needed: False
2025-05-18 03:21:39,013 - INFO - Evaluating using method: spice

  0%|          | 0/100 [00:00<?, ?it/s]
 58%|█████▊    | 58/100 [00:00<00:00, 572.73it/s]
100%|██████████| 100/100 [00:00<00:00, 562.36it/s]
2025-05-18 03:21:39,191 - INFO - Evaluation completed.
2025-05-18 03:21:39,191 - INFO - Starting evaluation...
2025-05-18 03:21:39,191 - INFO - Determine whether parsing is needed...
2025-05-18 03:21:39,191 - INFO - Parsing is needed: False
2025-05-18 03:21:39,208 - INFO - Determine whether parsing is needed...
2025-05-18 03:21:39,208 - INFO - Parsing is needed: False
2025-05-18 03:21:39,222 - INFO - Evaluating using method: soft_spice
using bidirectional:  True

Batches:   0%|          | 0/205 [00:00<?, ?it/s]
Batches:   4%|▍         | 8/205 [00:00<00:02, 70.85it/s]
Batches:   9%|▉         | 18/205 [00:00<00:02, 86.09it/s]
Batches:  16%|█▌        | 32/205 [00:00<00:01, 108.56it/s]
Batches:  21%|██        | 43/205 [00:00<00:01, 91.90it/s] 
Batches:  27%|██▋       | 55/205 [00:00<00:01, 100.59it/s]
Batches:  34%|███▎      | 69/205 [00:00<00:01, 111.62it/s]
Batches:  40%|███▉      | 81/205 [00:00<00:01, 96.64it/s] 
Batches:  45%|████▍     | 92/205 [00:00<00:01, 97.01it/s]
Batches:  52%|█████▏    | 107/205 [00:01<00:00, 108.71it/s]
Batches:  58%|█████▊    | 119/205 [00:01<00:00, 96.15it/s] 
Batches:  63%|██████▎   | 130/205 [00:01<00:00, 94.78it/s]
Batches:  70%|██████▉   | 143/205 [00:01<00:00, 102.08it/s]
Batches:  75%|███████▌  | 154/205 [00:01<00:00, 95.82it/s] 
Batches:  83%|████████▎ | 171/205 [00:01<00:00, 112.03it/s]
Batches:  89%|████████▉ | 183/205 [00:01<00:00, 98.79it/s] 
Batches:  95%|█████████▍| 194/205 [00:01<00:00, 100.99it/s]
Batches: 100%|██████████| 205/205 [00:02<00:00, 101.09it/s]
2025-05-18 03:21:41,284 - INFO - Evaluation completed.
2025-05-18 03:21:41,284 - INFO - Starting evaluation...
2025-05-18 03:21:41,284 - INFO - Determine whether parsing is needed...
2025-05-18 03:21:41,284 - INFO - Parsing is needed: False
2025-05-18 03:21:41,301 - INFO - Determine whether parsing is needed...
2025-05-18 03:21:41,301 - INFO - Parsing is needed: False
2025-05-18 03:21:41,315 - INFO - Evaluating using method: spice

  0%|          | 0/100 [00:00<?, ?it/s]
 57%|█████▋    | 57/100 [00:00<00:00, 568.77it/s]
100%|██████████| 100/100 [00:00<00:00, 562.52it/s]
2025-05-18 03:21:41,493 - INFO - Evaluation completed.
2025-05-18 03:21:41,493 - INFO - Starting evaluation...
2025-05-18 03:21:41,493 - INFO - Determine whether parsing is needed...
2025-05-18 03:21:41,493 - INFO - Parsing is needed: False
2025-05-18 03:21:41,510 - INFO - Determine whether parsing is needed...
2025-05-18 03:21:41,510 - INFO - Parsing is needed: False
2025-05-18 03:21:41,523 - INFO - Evaluating using method: soft_spice
using bidirectional:  True

Batches:   0%|          | 0/205 [00:00<?, ?it/s]
Batches:   4%|▍         | 8/205 [00:00<00:02, 72.08it/s]
Batches:  12%|█▏        | 25/205 [00:00<00:01, 121.76it/s]
Batches:  19%|█▊        | 38/205 [00:00<00:01, 94.59it/s] 
Batches:  27%|██▋       | 56/205 [00:00<00:01, 117.65it/s]
Batches:  34%|███▎      | 69/205 [00:00<00:01, 99.27it/s] 
Batches:  40%|███▉      | 81/205 [00:00<00:01, 104.17it/s]
Batches:  45%|████▌     | 93/205 [00:00<00:01, 107.75it/s]
Batches:  51%|█████     | 105/205 [00:01<00:01, 99.82it/s]
Batches:  60%|█████▉    | 122/205 [00:01<00:00, 116.89it/s]
Batches:  66%|██████▌   | 135/205 [00:01<00:00, 100.61it/s]
Batches:  71%|███████   | 146/205 [00:01<00:00, 96.84it/s] 
Batches:  80%|███████▉  | 163/205 [00:01<00:00, 112.11it/s]
Batches:  85%|████████▌ | 175/205 [00:01<00:00, 99.26it/s] 
Batches:  91%|█████████ | 186/205 [00:01<00:00, 95.72it/s]
Batches:  99%|█████████▊| 202/205 [00:01<00:00, 109.26it/s]
Batches: 100%|██████████| 205/205 [00:01<00:00, 104.14it/s]
2025-05-18 03:21:43,525 - INFO - Evaluation completed.
2025-05-18 03:21:43,532 - INFO - Use pytorch device_name: cuda:0
2025-05-18 03:21:43,532 - INFO - Load pretrained SentenceTransformer: sentence-transformers/all-mpnet-base-v2
---- Original SPICE score ----
SPICE score original score: 37.555
SPICE score original Tau-c: nan
SPICE score original Tau-b: nan
SPICE score original Pearson correlation: nan
---- Original Soft SPICE score ----
Soft SPICE score original score: 88.037
Soft SPICE score original Tau-c: nan
Soft SPICE score original Tau-b: nan
Soft SPICE score original Pearson correlation: nan
---- Sub-sentences SPICE score ----
SPICE score sub-sentences score: 49.444
SPICE score sub-sentences Tau-c: nan
SPICE score sub-sentences Tau-b: nan
SPICE score sub-sentences Pearson correlation: nan
---- Sub-sentences Soft SPICE score ----
Soft SPICE score sub-sentences score: 90.873
Soft SPICE score sub-sentences Tau-c: nan
Soft SPICE score sub-sentences Tau-b: nan
Soft SPICE score sub-sentences Pearson correlation: nan
---- Delete SPICE score ----
SPICE score for delete task score: 59.882
SPICE score for delete task Tau-c: nan
SPICE score for delete task Tau-b: nan
SPICE score for delete task Pearson correlation: nan
---- Delete Soft SPICE score ----
Soft SPICE score for delete task score: 93.495
Soft SPICE score for delete task Tau-c: nan
Soft SPICE score for delete task Tau-b: nan
Soft SPICE score for delete task Pearson correlation: nan
---- Insert SPICE score ----
SPICE score for insert task score: 66.584
SPICE score for insert task Tau-c: nan
SPICE score for insert task Tau-b: nan
SPICE score for insert task Pearson correlation: nan
---- Insert Soft SPICE score ----
Soft SPICE score for insert task score: 94.796
Soft SPICE score for insert task Tau-c: nan
Soft SPICE score for insert task Tau-b: nan
Soft SPICE score for insert task Pearson correlation: nan
---- Combined SPICE score ----
SPICE score for combined task score: 66.584
SPICE score for combined task Tau-c: nan
SPICE score for combined task Tau-b: nan
SPICE score for combined task Pearson correlation: nan
---- Combined Soft SPICE score ----
Soft SPICE score for combined task score: 94.796
Soft SPICE score for combined task Tau-c: nan
Soft SPICE score for combined task Tau-b: nan
Soft SPICE score for combined task Pearson correlation: nan
------------------------------------------------------------------
Evaluating CAPTURE results...

computing score:   0%|          | 0/100 [00:00<?, ?it/s]
computing score:   2%|▏         | 2/100 [00:00<00:10,  8.92it/s]
computing score:   6%|▌         | 6/100 [00:00<00:05, 16.62it/s]
computing score:   8%|▊         | 8/100 [00:00<00:07, 13.12it/s]
computing score:  11%|█         | 11/100 [00:00<00:05, 16.50it/s]
computing score:  13%|█▎        | 13/100 [00:00<00:05, 16.38it/s]
computing score:  15%|█▌        | 15/100 [00:01<00:05, 14.37it/s]
computing score:  17%|█▋        | 17/100 [00:01<00:06, 13.67it/s]
computing score:  19%|█▉        | 19/100 [00:01<00:06, 12.05it/s]
computing score:  22%|██▏       | 22/100 [00:01<00:05, 15.59it/s]
computing score:  24%|██▍       | 24/100 [00:01<00:06, 11.91it/s]
computing score:  26%|██▌       | 26/100 [00:01<00:06, 11.69it/s]
computing score:  28%|██▊       | 28/100 [00:02<00:06, 11.04it/s]
computing score:  31%|███       | 31/100 [00:02<00:05, 12.68it/s]
computing score:  33%|███▎      | 33/100 [00:02<00:05, 11.36it/s]
computing score:  35%|███▌      | 35/100 [00:02<00:05, 11.47it/s]
computing score:  37%|███▋      | 37/100 [00:02<00:05, 11.92it/s]
computing score:  39%|███▉      | 39/100 [00:03<00:05, 11.94it/s]
computing score:  41%|████      | 41/100 [00:03<00:04, 12.54it/s]
computing score:  43%|████▎     | 43/100 [00:03<00:05, 11.15it/s]
computing score:  45%|████▌     | 45/100 [00:03<00:04, 12.56it/s]
computing score:  47%|████▋     | 47/100 [00:03<00:04, 12.70it/s]
computing score:  49%|████▉     | 49/100 [00:03<00:04, 11.95it/s]
computing score:  51%|█████     | 51/100 [00:04<00:03, 13.14it/s]
computing score:  53%|█████▎    | 53/100 [00:04<00:03, 14.36it/s]
computing score:  55%|█████▌    | 55/100 [00:04<00:03, 11.69it/s]
computing score:  57%|█████▋    | 57/100 [00:04<00:03, 13.17it/s]
computing score:  59%|█████▉    | 59/100 [00:04<00:03, 12.12it/s]
computing score:  61%|██████    | 61/100 [00:04<00:03, 12.26it/s]
computing score:  64%|██████▍   | 64/100 [00:05<00:02, 12.73it/s]
computing score:  66%|██████▌   | 66/100 [00:05<00:03, 11.33it/s]
computing score:  68%|██████▊   | 68/100 [00:05<00:02, 11.82it/s]
computing score:  70%|███████   | 70/100 [00:05<00:02, 11.66it/s]
computing score:  72%|███████▏  | 72/100 [00:05<00:02, 12.48it/s]
computing score:  74%|███████▍  | 74/100 [00:05<00:02, 11.62it/s]
computing score:  76%|███████▌  | 76/100 [00:06<00:01, 13.09it/s]
computing score:  78%|███████▊  | 78/100 [00:06<00:01, 13.64it/s]
computing score:  80%|████████  | 80/100 [00:06<00:01, 13.84it/s]
computing score:  82%|████████▏ | 82/100 [00:06<00:01, 15.07it/s]
computing score:  84%|████████▍ | 84/100 [00:06<00:00, 16.01it/s]
computing score:  86%|████████▌ | 86/100 [00:06<00:00, 14.82it/s]
computing score:  88%|████████▊ | 88/100 [00:06<00:00, 12.65it/s]
computing score:  92%|█████████▏| 92/100 [00:07<00:00, 15.46it/s]
computing score:  94%|█████████▍| 94/100 [00:07<00:00, 13.77it/s]
computing score:  97%|█████████▋| 97/100 [00:07<00:00, 14.86it/s]
computing score:  99%|█████████▉| 99/100 [00:07<00:00, 14.52it/s]
computing score: 100%|██████████| 100/100 [00:07<00:00, 13.09it/s]
---- Sub-sentences CAPTURE score ----
CAPTURE score sub-sentences score: 0.756
CAPTURE score sub-sentences Tau-c: nan
CAPTURE score sub-sentences Tau-b: nan
CAPTURE score sub-sentences Pearson correlation: nan

computing score:   0%|          | 0/100 [00:00<?, ?it/s]
computing score:   4%|▍         | 4/100 [00:00<00:03, 28.89it/s]
computing score:   8%|▊         | 8/100 [00:00<00:03, 30.45it/s]
computing score:  12%|█▏        | 12/100 [00:00<00:03, 27.78it/s]
computing score:  15%|█▌        | 15/100 [00:00<00:03, 27.82it/s]
computing score:  19%|█▉        | 19/100 [00:00<00:03, 25.59it/s]
computing score:  22%|██▏       | 22/100 [00:00<00:03, 25.28it/s]
computing score:  25%|██▌       | 25/100 [00:00<00:03, 24.96it/s]
computing score:  28%|██▊       | 28/100 [00:01<00:02, 24.47it/s]
computing score:  31%|███       | 31/100 [00:01<00:03, 20.74it/s]
computing score:  35%|███▌      | 35/100 [00:01<00:03, 21.24it/s]
computing score:  38%|███▊      | 38/100 [00:01<00:02, 20.77it/s]
computing score:  41%|████      | 41/100 [00:01<00:02, 20.74it/s]
computing score:  44%|████▍     | 44/100 [00:01<00:03, 17.84it/s]
computing score:  47%|████▋     | 47/100 [00:02<00:02, 19.22it/s]
computing score:  50%|█████     | 50/100 [00:02<00:02, 18.32it/s]
computing score:  53%|█████▎    | 53/100 [00:02<00:02, 19.82it/s]
computing score:  57%|█████▋    | 57/100 [00:02<00:02, 21.07it/s]
computing score:  60%|██████    | 60/100 [00:02<00:02, 19.47it/s]
computing score:  63%|██████▎   | 63/100 [00:02<00:01, 20.90it/s]
computing score:  66%|██████▌   | 66/100 [00:02<00:01, 22.57it/s]
computing score:  69%|██████▉   | 69/100 [00:03<00:01, 19.63it/s]
computing score:  72%|███████▏  | 72/100 [00:03<00:01, 20.96it/s]
computing score:  75%|███████▌  | 75/100 [00:03<00:01, 20.24it/s]
computing score:  78%|███████▊  | 78/100 [00:03<00:01, 18.26it/s]
computing score:  83%|████████▎ | 83/100 [00:03<00:00, 23.43it/s]
computing score:  86%|████████▌ | 86/100 [00:03<00:00, 21.11it/s]
computing score:  91%|█████████ | 91/100 [00:04<00:00, 26.89it/s]
computing score:  95%|█████████▌| 95/100 [00:04<00:00, 23.37it/s]
computing score:  99%|█████████▉| 99/100 [00:04<00:00, 26.04it/s]
computing score: 100%|██████████| 100/100 [00:04<00:00, 22.45it/s]

computing score:   0%|          | 0/100 [00:00<?, ?it/s]
computing score:   3%|▎         | 3/100 [00:00<00:04, 24.24it/s]
computing score:   6%|▌         | 6/100 [00:00<00:04, 22.49it/s]
computing score:   9%|▉         | 9/100 [00:00<00:04, 21.66it/s]
computing score:  12%|█▏        | 12/100 [00:00<00:04, 19.38it/s]
computing score:  16%|█▌        | 16/100 [00:00<00:03, 23.13it/s]
computing score:  19%|█▉        | 19/100 [00:00<00:04, 20.24it/s]
computing score:  22%|██▏       | 22/100 [00:01<00:04, 19.05it/s]
computing score:  25%|██▌       | 25/100 [00:01<00:04, 17.65it/s]
computing score:  27%|██▋       | 27/100 [00:01<00:04, 15.94it/s]
computing score:  31%|███       | 31/100 [00:01<00:03, 19.26it/s]
computing score:  34%|███▍      | 34/100 [00:01<00:03, 17.75it/s]
computing score:  37%|███▋      | 37/100 [00:01<00:03, 19.25it/s]
computing score:  40%|████      | 40/100 [00:02<00:03, 16.12it/s]
computing score:  43%|████▎     | 43/100 [00:02<00:03, 16.95it/s]
computing score:  45%|████▌     | 45/100 [00:02<00:03, 16.18it/s]
computing score:  48%|████▊     | 48/100 [00:02<00:03, 17.29it/s]
computing score:  50%|█████     | 50/100 [00:02<00:03, 15.63it/s]
computing score:  53%|█████▎    | 53/100 [00:02<00:02, 18.26it/s]
computing score:  55%|█████▌    | 55/100 [00:03<00:02, 17.17it/s]
computing score:  58%|█████▊    | 58/100 [00:03<00:02, 18.42it/s]
computing score:  60%|██████    | 60/100 [00:03<00:02, 16.20it/s]
computing score:  62%|██████▏   | 62/100 [00:03<00:02, 15.83it/s]
computing score:  65%|██████▌   | 65/100 [00:03<00:02, 17.31it/s]
computing score:  67%|██████▋   | 67/100 [00:03<00:02, 16.08it/s]
computing score:  70%|███████   | 70/100 [00:03<00:01, 17.17it/s]
computing score:  72%|███████▏  | 72/100 [00:04<00:01, 15.35it/s]
computing score:  75%|███████▌  | 75/100 [00:04<00:01, 18.38it/s]
computing score:  78%|███████▊  | 78/100 [00:04<00:01, 17.73it/s]
computing score:  80%|████████  | 80/100 [00:04<00:01, 15.89it/s]
computing score:  83%|████████▎ | 83/100 [00:04<00:01, 16.23it/s]
computing score:  85%|████████▌ | 85/100 [00:04<00:00, 16.35it/s]
computing score:  89%|████████▉ | 89/100 [00:04<00:00, 21.41it/s]
computing score:  92%|█████████▏| 92/100 [00:05<00:00, 19.74it/s]
computing score:  95%|█████████▌| 95/100 [00:05<00:00, 17.75it/s]
computing score:  98%|█████████▊| 98/100 [00:05<00:00, 19.96it/s]
computing score: 100%|██████████| 100/100 [00:05<00:00, 17.97it/s]

computing score:   0%|          | 0/100 [00:00<?, ?it/s]
computing score:   4%|▍         | 4/100 [00:00<00:02, 33.22it/s]
computing score:   8%|▊         | 8/100 [00:00<00:03, 30.55it/s]
computing score:  12%|█▏        | 12/100 [00:00<00:03, 25.96it/s]
computing score:  16%|█▌        | 16/100 [00:00<00:02, 28.30it/s]
computing score:  19%|█▉        | 19/100 [00:00<00:03, 23.74it/s]
computing score:  22%|██▏       | 22/100 [00:00<00:03, 24.84it/s]
computing score:  25%|██▌       | 25/100 [00:00<00:02, 26.18it/s]
computing score:  28%|██▊       | 28/100 [00:01<00:02, 25.40it/s]
computing score:  31%|███       | 31/100 [00:01<00:03, 21.27it/s]
computing score:  35%|███▌      | 35/100 [00:01<00:02, 22.57it/s]
computing score:  38%|███▊      | 38/100 [00:01<00:02, 21.78it/s]
computing score:  41%|████      | 41/100 [00:01<00:03, 19.47it/s]
computing score:  44%|████▍     | 44/100 [00:01<00:02, 19.62it/s]
computing score:  47%|████▋     | 47/100 [00:02<00:02, 18.29it/s]
computing score:  50%|█████     | 50/100 [00:02<00:02, 19.51it/s]
computing score:  53%|█████▎    | 53/100 [00:02<00:02, 20.80it/s]
computing score:  57%|█████▋    | 57/100 [00:02<00:01, 22.18it/s]
computing score:  60%|██████    | 60/100 [00:02<00:01, 20.23it/s]
computing score:  64%|██████▍   | 64/100 [00:02<00:01, 21.37it/s]
computing score:  67%|██████▋   | 67/100 [00:02<00:01, 22.56it/s]
computing score:  70%|███████   | 70/100 [00:03<00:01, 21.19it/s]
computing score:  73%|███████▎  | 73/100 [00:03<00:01, 19.60it/s]
computing score:  77%|███████▋  | 77/100 [00:03<00:01, 21.46it/s]
computing score:  80%|████████  | 80/100 [00:03<00:00, 20.75it/s]
computing score:  85%|████████▌ | 85/100 [00:03<00:00, 23.66it/s]
computing score:  88%|████████▊ | 88/100 [00:03<00:00, 21.14it/s]
computing score:  93%|█████████▎| 93/100 [00:04<00:00, 25.60it/s]
computing score:  96%|█████████▌| 96/100 [00:04<00:00, 23.32it/s]
computing score:  99%|█████████▉| 99/100 [00:04<00:00, 24.17it/s]
computing score: 100%|██████████| 100/100 [00:04<00:00, 22.69it/s]
---- Delete CAPTURE score ----
CAPTURE score for delete task score: 0.806
CAPTURE score for delete task Tau-c: nan
CAPTURE score for delete task Tau-b: nan
CAPTURE score for delete task Pearson correlation: nan
---- Insert CAPTURE score ----
CAPTURE score for insert task score: 0.837
CAPTURE score for insert task Tau-c: nan
CAPTURE score for insert task Tau-b: nan
CAPTURE score for insert task Pearson correlation: nan
---- Combined CAPTURE score ----
CAPTURE score for combined task score: 0.837
CAPTURE score for combined task Tau-c: nan
CAPTURE score for combined task Tau-b: nan
CAPTURE score for combined task Pearson correlation: nan
------------------------------------------------------------------
Finished evaluating CAPTURE results.
Results saved to eval_res/eval_res_run_all_longfactual/longfactual/correlation_results_longfactual_finetuned_models_skip_toolong_False_skip_len_-1_max_input_len_512_max_output_len_512_max_triples_num_256_bs_scale_2_do_sample_False_num_beams_5_top_k_50_top_p_1.0_temperature_1.0/round_2/18-05_03-15-53/graph_mid_res/longfactual_dual_task_parse_results.json
Results saved to eval_res/eval_res_run_all_longfactual/longfactual/correlation_results_longfactual_finetuned_models_skip_toolong_False_skip_len_-1_max_input_len_512_max_output_len_512_max_triples_num_256_bs_scale_2_do_sample_False_num_beams_5_top_k_50_top_p_1.0_temperature_1.0/round_2/18-05_03-15-53/graph_mid_res/longfactual_sub_sentences_parse_dict_object.json
Results saved to eval_res/eval_res_run_all_longfactual/longfactual/correlation_results_longfactual_finetuned_models_skip_toolong_False_skip_len_-1_max_input_len_512_max_output_len_512_max_triples_num_256_bs_scale_2_do_sample_False_num_beams_5_top_k_50_top_p_1.0_temperature_1.0/round_2/18-05_03-15-53/graph_mid_res/longfactual_parse_dict.json
====================================
End time: Sun May 18 03:22:11 UTC 2025
Script execution completed
====================================
